[2023-10-29 19:22:36,870] INFO [ControllerEventThread controllerId=0] Starting (kafka.controller.ControllerEventManager$ControllerEventThread)
[2023-10-29 19:22:36,894] INFO [Controller id=0] 0 successfully elected as the controller. Epoch incremented to 1 and epoch zk version is now 1 (kafka.controller.KafkaController)
[2023-10-29 19:22:36,896] INFO [Controller id=0] Creating FeatureZNode at path: /feature with contents: FeatureZNode(2,Enabled,Map()) (kafka.controller.KafkaController)
[2023-10-29 19:22:36,918] INFO [Controller id=0] Registering handlers (kafka.controller.KafkaController)
[2023-10-29 19:22:36,920] INFO [Controller id=0] Deleting log dir event notifications (kafka.controller.KafkaController)
[2023-10-29 19:22:36,922] INFO [Controller id=0] Deleting isr change notifications (kafka.controller.KafkaController)
[2023-10-29 19:22:36,924] INFO [Controller id=0] Initializing controller context (kafka.controller.KafkaController)
[2023-10-29 19:22:36,933] INFO [Controller id=0] Initialized broker epochs cache: HashMap(0 -> 25) (kafka.controller.KafkaController)
[2023-10-29 19:22:36,936] DEBUG [Controller id=0] Register BrokerModifications handler for Set(0) (kafka.controller.KafkaController)
[2023-10-29 19:22:36,941] DEBUG [Channel manager on controller 0]: Controller 0 trying to connect to broker 0 (kafka.controller.ControllerChannelManager)
[2023-10-29 19:22:36,946] INFO [RequestSendThread controllerId=0] Starting (kafka.controller.RequestSendThread)
[2023-10-29 19:22:36,948] INFO [Controller id=0] Currently active brokers in the cluster: Set(0) (kafka.controller.KafkaController)
[2023-10-29 19:22:36,948] INFO [Controller id=0] Currently shutting brokers in the cluster: HashSet() (kafka.controller.KafkaController)
[2023-10-29 19:22:36,948] INFO [Controller id=0] Current list of topics in the cluster: HashSet() (kafka.controller.KafkaController)
[2023-10-29 19:22:36,948] INFO [Controller id=0] Fetching topic deletions in progress (kafka.controller.KafkaController)
[2023-10-29 19:22:36,950] INFO [Controller id=0] List of topics to be deleted:  (kafka.controller.KafkaController)
[2023-10-29 19:22:36,951] INFO [Controller id=0] List of topics ineligible for deletion:  (kafka.controller.KafkaController)
[2023-10-29 19:22:36,951] INFO [Controller id=0] Initializing topic deletion manager (kafka.controller.KafkaController)
[2023-10-29 19:22:36,951] INFO [Topic Deletion Manager 0] Initializing manager with initial deletions: Set(), initial ineligible deletions: HashSet() (kafka.controller.TopicDeletionManager)
[2023-10-29 19:22:36,952] INFO [Controller id=0] Sending update metadata request (kafka.controller.KafkaController)
[2023-10-29 19:22:36,958] INFO [ReplicaStateMachine controllerId=0] Initializing replica state (kafka.controller.ZkReplicaStateMachine)
[2023-10-29 19:22:36,958] INFO [ReplicaStateMachine controllerId=0] Triggering online replica state changes (kafka.controller.ZkReplicaStateMachine)
[2023-10-29 19:22:36,960] INFO [ReplicaStateMachine controllerId=0] Triggering offline replica state changes (kafka.controller.ZkReplicaStateMachine)
[2023-10-29 19:22:36,961] DEBUG [ReplicaStateMachine controllerId=0] Started replica state machine with initial state -> HashMap() (kafka.controller.ZkReplicaStateMachine)
[2023-10-29 19:22:36,961] INFO [PartitionStateMachine controllerId=0] Initializing partition state (kafka.controller.ZkPartitionStateMachine)
[2023-10-29 19:22:36,961] INFO [PartitionStateMachine controllerId=0] Triggering online partition state changes (kafka.controller.ZkPartitionStateMachine)
[2023-10-29 19:22:36,964] DEBUG [PartitionStateMachine controllerId=0] Started partition state machine with initial state -> HashMap() (kafka.controller.ZkPartitionStateMachine)
[2023-10-29 19:22:36,964] INFO [Controller id=0] Ready to serve as the new controller with epoch 1 (kafka.controller.KafkaController)
[2023-10-29 19:22:36,972] WARN [RequestSendThread controllerId=0] Controller 0's connection to broker DESKTOP-CE00EVG.:9092 (id: 0 rack: null) was unsuccessful (kafka.controller.RequestSendThread)
java.io.IOException: Connection to DESKTOP-CE00EVG.:9092 (id: 0 rack: null) failed.
	at org.apache.kafka.clients.NetworkClientUtils.awaitReady(NetworkClientUtils.java:70)
	at kafka.controller.RequestSendThread.brokerReady(ControllerChannelManager.scala:298)
	at kafka.controller.RequestSendThread.doWork(ControllerChannelManager.scala:251)
	at org.apache.kafka.server.util.ShutdownableThread.run(ShutdownableThread.java:130)
[2023-10-29 19:22:36,975] INFO [Controller id=0] Partitions undergoing preferred replica election:  (kafka.controller.KafkaController)
[2023-10-29 19:22:36,975] INFO [Controller id=0] Partitions that completed preferred replica election:  (kafka.controller.KafkaController)
[2023-10-29 19:22:36,975] INFO [Controller id=0] Skipping preferred replica election for partitions due to topic deletion:  (kafka.controller.KafkaController)
[2023-10-29 19:22:36,975] INFO [Controller id=0] Resuming preferred replica election for partitions:  (kafka.controller.KafkaController)
[2023-10-29 19:22:36,976] INFO [Controller id=0] Starting replica leader election (PREFERRED) for partitions  triggered by ZkTriggered (kafka.controller.KafkaController)
[2023-10-29 19:22:36,993] INFO [Controller id=0] Starting the controller scheduler (kafka.controller.KafkaController)
[2023-10-29 19:22:37,076] INFO [RequestSendThread controllerId=0] Controller 0 connected to DESKTOP-CE00EVG.:9092 (id: 0 rack: null) for sending state change requests (kafka.controller.RequestSendThread)
[2023-10-29 19:22:41,994] INFO [Controller id=0] Processing automatic preferred replica leader election (kafka.controller.KafkaController)
[2023-10-29 19:22:41,995] TRACE [Controller id=0] Checking need to trigger auto leader balancing (kafka.controller.KafkaController)
[2023-10-29 19:24:54,147] INFO [Controller id=0] Shutting down broker 0 (kafka.controller.KafkaController)
[2023-10-29 19:24:54,147] DEBUG [Controller id=0] All shutting down brokers: 0 (kafka.controller.KafkaController)
[2023-10-29 19:24:54,148] DEBUG [Controller id=0] Live brokers:  (kafka.controller.KafkaController)
[2023-10-29 19:24:54,150] TRACE [Controller id=0] All leaders =  (kafka.controller.KafkaController)
[2023-10-29 19:24:54,453] INFO [ControllerEventThread controllerId=0] Shutting down (kafka.controller.ControllerEventManager$ControllerEventThread)
[2023-10-29 19:24:54,454] INFO [ControllerEventThread controllerId=0] Shutdown completed (kafka.controller.ControllerEventManager$ControllerEventThread)
[2023-10-29 19:24:54,454] INFO [ControllerEventThread controllerId=0] Stopped (kafka.controller.ControllerEventManager$ControllerEventThread)
[2023-10-29 19:24:54,454] DEBUG [Controller id=0] Resigning (kafka.controller.KafkaController)
[2023-10-29 19:24:54,454] DEBUG [Controller id=0] Unregister BrokerModifications handler for Set(0) (kafka.controller.KafkaController)
[2023-10-29 19:24:54,455] INFO [PartitionStateMachine controllerId=0] Stopped partition state machine (kafka.controller.ZkPartitionStateMachine)
[2023-10-29 19:24:54,455] INFO [ReplicaStateMachine controllerId=0] Stopped replica state machine (kafka.controller.ZkReplicaStateMachine)
[2023-10-29 19:24:54,456] INFO [RequestSendThread controllerId=0] Shutting down (kafka.controller.RequestSendThread)
[2023-10-29 19:24:54,456] INFO [RequestSendThread controllerId=0] Shutdown completed (kafka.controller.RequestSendThread)
[2023-10-29 19:24:54,456] INFO [RequestSendThread controllerId=0] Stopped (kafka.controller.RequestSendThread)
[2023-10-29 19:24:54,458] INFO [Controller id=0] Resigned (kafka.controller.KafkaController)
