[2023-10-29 19:21:15,278] INFO Reading configuration from: config/zookeeper.properties (org.apache.zookeeper.server.quorum.QuorumPeerConfig)
[2023-10-29 19:21:15,279] WARN config/zookeeper.properties is relative. Prepend ./ to indicate that you're sure! (org.apache.zookeeper.server.quorum.QuorumPeerConfig)
[2023-10-29 19:21:15,283] INFO clientPortAddress is 0.0.0.0:2181 (org.apache.zookeeper.server.quorum.QuorumPeerConfig)
[2023-10-29 19:21:15,283] INFO secureClientPort is not set (org.apache.zookeeper.server.quorum.QuorumPeerConfig)
[2023-10-29 19:21:15,283] INFO observerMasterPort is not set (org.apache.zookeeper.server.quorum.QuorumPeerConfig)
[2023-10-29 19:21:15,283] INFO metricsProvider.className is org.apache.zookeeper.metrics.impl.DefaultMetricsProvider (org.apache.zookeeper.server.quorum.QuorumPeerConfig)
[2023-10-29 19:21:15,285] INFO autopurge.snapRetainCount set to 3 (org.apache.zookeeper.server.DatadirCleanupManager)
[2023-10-29 19:21:15,285] INFO autopurge.purgeInterval set to 0 (org.apache.zookeeper.server.DatadirCleanupManager)
[2023-10-29 19:21:15,285] INFO Purge task is not scheduled. (org.apache.zookeeper.server.DatadirCleanupManager)
[2023-10-29 19:21:15,285] WARN Either no config or no quorum defined in config, running in standalone mode (org.apache.zookeeper.server.quorum.QuorumPeerMain)
[2023-10-29 19:21:15,287] INFO Log4j 1.2 jmx support not found; jmx disabled. (org.apache.zookeeper.jmx.ManagedUtil)
[2023-10-29 19:21:15,287] INFO Reading configuration from: config/zookeeper.properties (org.apache.zookeeper.server.quorum.QuorumPeerConfig)
[2023-10-29 19:21:15,287] WARN config/zookeeper.properties is relative. Prepend ./ to indicate that you're sure! (org.apache.zookeeper.server.quorum.QuorumPeerConfig)
[2023-10-29 19:21:15,288] INFO clientPortAddress is 0.0.0.0:2181 (org.apache.zookeeper.server.quorum.QuorumPeerConfig)
[2023-10-29 19:21:15,288] INFO secureClientPort is not set (org.apache.zookeeper.server.quorum.QuorumPeerConfig)
[2023-10-29 19:21:15,288] INFO observerMasterPort is not set (org.apache.zookeeper.server.quorum.QuorumPeerConfig)
[2023-10-29 19:21:15,288] INFO metricsProvider.className is org.apache.zookeeper.metrics.impl.DefaultMetricsProvider (org.apache.zookeeper.server.quorum.QuorumPeerConfig)
[2023-10-29 19:21:15,288] INFO Starting server (org.apache.zookeeper.server.ZooKeeperServerMain)
[2023-10-29 19:21:15,298] INFO ServerMetrics initialized with provider org.apache.zookeeper.metrics.impl.DefaultMetricsProvider@60611244 (org.apache.zookeeper.server.ServerMetrics)
[2023-10-29 19:21:15,300] INFO ACL digest algorithm is: SHA1 (org.apache.zookeeper.server.auth.DigestAuthenticationProvider)
[2023-10-29 19:21:15,300] INFO zookeeper.DigestAuthenticationProvider.enabled = true (org.apache.zookeeper.server.auth.DigestAuthenticationProvider)
[2023-10-29 19:21:15,303] INFO zookeeper.snapshot.trust.empty : false (org.apache.zookeeper.server.persistence.FileTxnSnapLog)
[2023-10-29 19:21:15,312] INFO  (org.apache.zookeeper.server.ZooKeeperServer)
[2023-10-29 19:21:15,313] INFO   ______                  _                                           (org.apache.zookeeper.server.ZooKeeperServer)
[2023-10-29 19:21:15,313] INFO  |___  /                 | |                                          (org.apache.zookeeper.server.ZooKeeperServer)
[2023-10-29 19:21:15,313] INFO     / /    ___     ___   | | __   ___    ___   _ __     ___   _ __    (org.apache.zookeeper.server.ZooKeeperServer)
[2023-10-29 19:21:15,313] INFO    / /    / _ \   / _ \  | |/ /  / _ \  / _ \ | '_ \   / _ \ | '__| (org.apache.zookeeper.server.ZooKeeperServer)
[2023-10-29 19:21:15,313] INFO   / /__  | (_) | | (_) | |   <  |  __/ |  __/ | |_) | |  __/ | |     (org.apache.zookeeper.server.ZooKeeperServer)
[2023-10-29 19:21:15,313] INFO  /_____|  \___/   \___/  |_|\_\  \___|  \___| | .__/   \___| |_| (org.apache.zookeeper.server.ZooKeeperServer)
[2023-10-29 19:21:15,313] INFO                                               | |                      (org.apache.zookeeper.server.ZooKeeperServer)
[2023-10-29 19:21:15,313] INFO                                               |_|                      (org.apache.zookeeper.server.ZooKeeperServer)
[2023-10-29 19:21:15,313] INFO  (org.apache.zookeeper.server.ZooKeeperServer)
[2023-10-29 19:21:15,315] INFO Server environment:zookeeper.version=3.8.2-139d619b58292d7734b4fc83a0f44be4e7b0c986, built on 2023-07-05 19:24 UTC (org.apache.zookeeper.server.ZooKeeperServer)
[2023-10-29 19:21:15,315] INFO Server environment:host.name=DESKTOP-CE00EVG. (org.apache.zookeeper.server.ZooKeeperServer)
[2023-10-29 19:21:15,315] INFO Server environment:java.version=11.0.20.1 (org.apache.zookeeper.server.ZooKeeperServer)
[2023-10-29 19:21:15,315] INFO Server environment:java.vendor=Ubuntu (org.apache.zookeeper.server.ZooKeeperServer)
[2023-10-29 19:21:15,315] INFO Server environment:java.home=/usr/lib/jvm/java-11-openjdk-amd64 (org.apache.zookeeper.server.ZooKeeperServer)
[2023-10-29 19:21:15,315] INFO Server environment:java.class.path=/home/wesley/kafka/bin/../libs/activation-1.1.1.jar:/home/wesley/kafka/bin/../libs/aopalliance-repackaged-2.6.1.jar:/home/wesley/kafka/bin/../libs/argparse4j-0.7.0.jar:/home/wesley/kafka/bin/../libs/audience-annotations-0.12.0.jar:/home/wesley/kafka/bin/../libs/caffeine-2.9.3.jar:/home/wesley/kafka/bin/../libs/checker-qual-3.19.0.jar:/home/wesley/kafka/bin/../libs/commons-beanutils-1.9.4.jar:/home/wesley/kafka/bin/../libs/commons-cli-1.4.jar:/home/wesley/kafka/bin/../libs/commons-collections-3.2.2.jar:/home/wesley/kafka/bin/../libs/commons-digester-2.1.jar:/home/wesley/kafka/bin/../libs/commons-io-2.11.0.jar:/home/wesley/kafka/bin/../libs/commons-lang3-3.8.1.jar:/home/wesley/kafka/bin/../libs/commons-logging-1.2.jar:/home/wesley/kafka/bin/../libs/commons-validator-1.7.jar:/home/wesley/kafka/bin/../libs/connect-api-3.6.0.jar:/home/wesley/kafka/bin/../libs/connect-basic-auth-extension-3.6.0.jar:/home/wesley/kafka/bin/../libs/connect-json-3.6.0.jar:/home/wesley/kafka/bin/../libs/connect-mirror-3.6.0.jar:/home/wesley/kafka/bin/../libs/connect-mirror-client-3.6.0.jar:/home/wesley/kafka/bin/../libs/connect-runtime-3.6.0.jar:/home/wesley/kafka/bin/../libs/connect-transforms-3.6.0.jar:/home/wesley/kafka/bin/../libs/error_prone_annotations-2.10.0.jar:/home/wesley/kafka/bin/../libs/hk2-api-2.6.1.jar:/home/wesley/kafka/bin/../libs/hk2-locator-2.6.1.jar:/home/wesley/kafka/bin/../libs/hk2-utils-2.6.1.jar:/home/wesley/kafka/bin/../libs/jackson-annotations-2.13.5.jar:/home/wesley/kafka/bin/../libs/jackson-core-2.13.5.jar:/home/wesley/kafka/bin/../libs/jackson-databind-2.13.5.jar:/home/wesley/kafka/bin/../libs/jackson-dataformat-csv-2.13.5.jar:/home/wesley/kafka/bin/../libs/jackson-datatype-jdk8-2.13.5.jar:/home/wesley/kafka/bin/../libs/jackson-jaxrs-base-2.13.5.jar:/home/wesley/kafka/bin/../libs/jackson-jaxrs-json-provider-2.13.5.jar:/home/wesley/kafka/bin/../libs/jackson-module-jaxb-annotations-2.13.5.jar:/home/wesley/kafka/bin/../libs/jackson-module-scala_2.13-2.13.5.jar:/home/wesley/kafka/bin/../libs/jakarta.activation-api-1.2.2.jar:/home/wesley/kafka/bin/../libs/jakarta.annotation-api-1.3.5.jar:/home/wesley/kafka/bin/../libs/jakarta.inject-2.6.1.jar:/home/wesley/kafka/bin/../libs/jakarta.validation-api-2.0.2.jar:/home/wesley/kafka/bin/../libs/jakarta.ws.rs-api-2.1.6.jar:/home/wesley/kafka/bin/../libs/jakarta.xml.bind-api-2.3.3.jar:/home/wesley/kafka/bin/../libs/javassist-3.29.2-GA.jar:/home/wesley/kafka/bin/../libs/javax.activation-api-1.2.0.jar:/home/wesley/kafka/bin/../libs/javax.annotation-api-1.3.2.jar:/home/wesley/kafka/bin/../libs/javax.servlet-api-3.1.0.jar:/home/wesley/kafka/bin/../libs/javax.ws.rs-api-2.1.1.jar:/home/wesley/kafka/bin/../libs/jaxb-api-2.3.1.jar:/home/wesley/kafka/bin/../libs/jersey-client-2.39.1.jar:/home/wesley/kafka/bin/../libs/jersey-common-2.39.1.jar:/home/wesley/kafka/bin/../libs/jersey-container-servlet-2.39.1.jar:/home/wesley/kafka/bin/../libs/jersey-container-servlet-core-2.39.1.jar:/home/wesley/kafka/bin/../libs/jersey-hk2-2.39.1.jar:/home/wesley/kafka/bin/../libs/jersey-server-2.39.1.jar:/home/wesley/kafka/bin/../libs/jetty-client-9.4.52.v20230823.jar:/home/wesley/kafka/bin/../libs/jetty-continuation-9.4.52.v20230823.jar:/home/wesley/kafka/bin/../libs/jetty-http-9.4.52.v20230823.jar:/home/wesley/kafka/bin/../libs/jetty-io-9.4.52.v20230823.jar:/home/wesley/kafka/bin/../libs/jetty-security-9.4.52.v20230823.jar:/home/wesley/kafka/bin/../libs/jetty-server-9.4.52.v20230823.jar:/home/wesley/kafka/bin/../libs/jetty-servlet-9.4.52.v20230823.jar:/home/wesley/kafka/bin/../libs/jetty-servlets-9.4.52.v20230823.jar:/home/wesley/kafka/bin/../libs/jetty-util-9.4.52.v20230823.jar:/home/wesley/kafka/bin/../libs/jetty-util-ajax-9.4.52.v20230823.jar:/home/wesley/kafka/bin/../libs/jline-3.22.0.jar:/home/wesley/kafka/bin/../libs/jopt-simple-5.0.4.jar:/home/wesley/kafka/bin/../libs/jose4j-0.9.3.jar:/home/wesley/kafka/bin/../libs/jsr305-3.0.2.jar:/home/wesley/kafka/bin/../libs/kafka-clients-3.6.0.jar:/home/wesley/kafka/bin/../libs/kafka-group-coordinator-3.6.0.jar:/home/wesley/kafka/bin/../libs/kafka-log4j-appender-3.6.0.jar:/home/wesley/kafka/bin/../libs/kafka-metadata-3.6.0.jar:/home/wesley/kafka/bin/../libs/kafka-raft-3.6.0.jar:/home/wesley/kafka/bin/../libs/kafka-server-common-3.6.0.jar:/home/wesley/kafka/bin/../libs/kafka-shell-3.6.0.jar:/home/wesley/kafka/bin/../libs/kafka-storage-3.6.0.jar:/home/wesley/kafka/bin/../libs/kafka-storage-api-3.6.0.jar:/home/wesley/kafka/bin/../libs/kafka-streams-3.6.0.jar:/home/wesley/kafka/bin/../libs/kafka-streams-examples-3.6.0.jar:/home/wesley/kafka/bin/../libs/kafka-streams-scala_2.13-3.6.0.jar:/home/wesley/kafka/bin/../libs/kafka-streams-test-utils-3.6.0.jar:/home/wesley/kafka/bin/../libs/kafka-tools-3.6.0.jar:/home/wesley/kafka/bin/../libs/kafka-tools-api-3.6.0.jar:/home/wesley/kafka/bin/../libs/kafka_2.13-3.6.0.jar:/home/wesley/kafka/bin/../libs/lz4-java-1.8.0.jar:/home/wesley/kafka/bin/../libs/maven-artifact-3.8.8.jar:/home/wesley/kafka/bin/../libs/metrics-core-2.2.0.jar:/home/wesley/kafka/bin/../libs/metrics-core-4.1.12.1.jar:/home/wesley/kafka/bin/../libs/netty-buffer-4.1.94.Final.jar:/home/wesley/kafka/bin/../libs/netty-codec-4.1.94.Final.jar:/home/wesley/kafka/bin/../libs/netty-common-4.1.94.Final.jar:/home/wesley/kafka/bin/../libs/netty-handler-4.1.94.Final.jar:/home/wesley/kafka/bin/../libs/netty-resolver-4.1.94.Final.jar:/home/wesley/kafka/bin/../libs/netty-transport-4.1.94.Final.jar:/home/wesley/kafka/bin/../libs/netty-transport-classes-epoll-4.1.94.Final.jar:/home/wesley/kafka/bin/../libs/netty-transport-native-epoll-4.1.94.Final.jar:/home/wesley/kafka/bin/../libs/netty-transport-native-unix-common-4.1.94.Final.jar:/home/wesley/kafka/bin/../libs/osgi-resource-locator-1.0.3.jar:/home/wesley/kafka/bin/../libs/paranamer-2.8.jar:/home/wesley/kafka/bin/../libs/pcollections-4.0.1.jar:/home/wesley/kafka/bin/../libs/plexus-utils-3.3.1.jar:/home/wesley/kafka/bin/../libs/reflections-0.10.2.jar:/home/wesley/kafka/bin/../libs/reload4j-1.2.25.jar:/home/wesley/kafka/bin/../libs/rocksdbjni-7.9.2.jar:/home/wesley/kafka/bin/../libs/scala-collection-compat_2.13-2.10.0.jar:/home/wesley/kafka/bin/../libs/scala-java8-compat_2.13-1.0.2.jar:/home/wesley/kafka/bin/../libs/scala-library-2.13.11.jar:/home/wesley/kafka/bin/../libs/scala-logging_2.13-3.9.4.jar:/home/wesley/kafka/bin/../libs/scala-reflect-2.13.11.jar:/home/wesley/kafka/bin/../libs/slf4j-api-1.7.36.jar:/home/wesley/kafka/bin/../libs/slf4j-reload4j-1.7.36.jar:/home/wesley/kafka/bin/../libs/snappy-java-1.1.10.4.jar:/home/wesley/kafka/bin/../libs/swagger-annotations-2.2.8.jar:/home/wesley/kafka/bin/../libs/trogdor-3.6.0.jar:/home/wesley/kafka/bin/../libs/zookeeper-3.8.2.jar:/home/wesley/kafka/bin/../libs/zookeeper-jute-3.8.2.jar:/home/wesley/kafka/bin/../libs/zstd-jni-1.5.5-1.jar (org.apache.zookeeper.server.ZooKeeperServer)
[2023-10-29 19:21:15,315] INFO Server environment:java.library.path=/usr/java/packages/lib:/usr/lib/x86_64-linux-gnu/jni:/lib/x86_64-linux-gnu:/usr/lib/x86_64-linux-gnu:/usr/lib/jni:/lib:/usr/lib (org.apache.zookeeper.server.ZooKeeperServer)
[2023-10-29 19:21:15,316] INFO Server environment:java.io.tmpdir=/tmp (org.apache.zookeeper.server.ZooKeeperServer)
[2023-10-29 19:21:15,316] INFO Server environment:java.compiler=<NA> (org.apache.zookeeper.server.ZooKeeperServer)
[2023-10-29 19:21:15,316] INFO Server environment:os.name=Linux (org.apache.zookeeper.server.ZooKeeperServer)
[2023-10-29 19:21:15,316] INFO Server environment:os.arch=amd64 (org.apache.zookeeper.server.ZooKeeperServer)
[2023-10-29 19:21:15,316] INFO Server environment:os.version=5.15.90.1-microsoft-standard-WSL2 (org.apache.zookeeper.server.ZooKeeperServer)
[2023-10-29 19:21:15,316] INFO Server environment:user.name=wesley (org.apache.zookeeper.server.ZooKeeperServer)
[2023-10-29 19:21:15,316] INFO Server environment:user.home=/home/wesley (org.apache.zookeeper.server.ZooKeeperServer)
[2023-10-29 19:21:15,316] INFO Server environment:user.dir=/home/wesley/kafka (org.apache.zookeeper.server.ZooKeeperServer)
[2023-10-29 19:21:15,316] INFO Server environment:os.memory.free=487MB (org.apache.zookeeper.server.ZooKeeperServer)
[2023-10-29 19:21:15,316] INFO Server environment:os.memory.max=512MB (org.apache.zookeeper.server.ZooKeeperServer)
[2023-10-29 19:21:15,316] INFO Server environment:os.memory.total=512MB (org.apache.zookeeper.server.ZooKeeperServer)
[2023-10-29 19:21:15,316] INFO zookeeper.enableEagerACLCheck = false (org.apache.zookeeper.server.ZooKeeperServer)
[2023-10-29 19:21:15,316] INFO zookeeper.digest.enabled = true (org.apache.zookeeper.server.ZooKeeperServer)
[2023-10-29 19:21:15,316] INFO zookeeper.closeSessionTxn.enabled = true (org.apache.zookeeper.server.ZooKeeperServer)
[2023-10-29 19:21:15,316] INFO zookeeper.flushDelay = 0 ms (org.apache.zookeeper.server.ZooKeeperServer)
[2023-10-29 19:21:15,316] INFO zookeeper.maxWriteQueuePollTime = 0 ms (org.apache.zookeeper.server.ZooKeeperServer)
[2023-10-29 19:21:15,317] INFO zookeeper.maxBatchSize=1000 (org.apache.zookeeper.server.ZooKeeperServer)
[2023-10-29 19:21:15,317] INFO zookeeper.intBufferStartingSizeBytes = 1024 (org.apache.zookeeper.server.ZooKeeperServer)
[2023-10-29 19:21:15,317] INFO Weighed connection throttling is disabled (org.apache.zookeeper.server.BlueThrottle)
[2023-10-29 19:21:15,318] INFO minSessionTimeout set to 6000 ms (org.apache.zookeeper.server.ZooKeeperServer)
[2023-10-29 19:21:15,318] INFO maxSessionTimeout set to 60000 ms (org.apache.zookeeper.server.ZooKeeperServer)
[2023-10-29 19:21:15,319] INFO getData response cache size is initialized with value 400. (org.apache.zookeeper.server.ResponseCache)
[2023-10-29 19:21:15,319] INFO getChildren response cache size is initialized with value 400. (org.apache.zookeeper.server.ResponseCache)
[2023-10-29 19:21:15,319] INFO zookeeper.pathStats.slotCapacity = 60 (org.apache.zookeeper.server.util.RequestPathMetricsCollector)
[2023-10-29 19:21:15,320] INFO zookeeper.pathStats.slotDuration = 15 (org.apache.zookeeper.server.util.RequestPathMetricsCollector)
[2023-10-29 19:21:15,320] INFO zookeeper.pathStats.maxDepth = 6 (org.apache.zookeeper.server.util.RequestPathMetricsCollector)
[2023-10-29 19:21:15,320] INFO zookeeper.pathStats.initialDelay = 5 (org.apache.zookeeper.server.util.RequestPathMetricsCollector)
[2023-10-29 19:21:15,320] INFO zookeeper.pathStats.delay = 5 (org.apache.zookeeper.server.util.RequestPathMetricsCollector)
[2023-10-29 19:21:15,320] INFO zookeeper.pathStats.enabled = false (org.apache.zookeeper.server.util.RequestPathMetricsCollector)
[2023-10-29 19:21:15,322] INFO The max bytes for all large requests are set to 104857600 (org.apache.zookeeper.server.ZooKeeperServer)
[2023-10-29 19:21:15,322] INFO The large request threshold is set to -1 (org.apache.zookeeper.server.ZooKeeperServer)
[2023-10-29 19:21:15,323] INFO zookeeper.enforce.auth.enabled = false (org.apache.zookeeper.server.AuthenticationHelper)
[2023-10-29 19:21:15,323] INFO zookeeper.enforce.auth.schemes = [] (org.apache.zookeeper.server.AuthenticationHelper)
[2023-10-29 19:21:15,323] INFO Created server with tickTime 3000 ms minSessionTimeout 6000 ms maxSessionTimeout 60000 ms clientPortListenBacklog -1 datadir /tmp/zookeeper/version-2 snapdir /tmp/zookeeper/version-2 (org.apache.zookeeper.server.ZooKeeperServer)
[2023-10-29 19:21:15,328] INFO Using org.apache.zookeeper.server.NIOServerCnxnFactory as server connection factory (org.apache.zookeeper.server.ServerCnxnFactory)
[2023-10-29 19:21:15,330] WARN maxCnxns is not configured, using default value 0. (org.apache.zookeeper.server.ServerCnxnFactory)
[2023-10-29 19:21:15,331] INFO Configuring NIO connection handler with 10s sessionless connection timeout, 2 selector thread(s), 32 worker threads, and 64 kB direct buffers. (org.apache.zookeeper.server.NIOServerCnxnFactory)
[2023-10-29 19:21:15,335] INFO binding to port 0.0.0.0/0.0.0.0:2181 (org.apache.zookeeper.server.NIOServerCnxnFactory)
[2023-10-29 19:21:15,336] ERROR Unexpected exception, exiting abnormally (org.apache.zookeeper.server.ZooKeeperServerMain)
java.net.BindException: Address already in use
	at java.base/sun.nio.ch.Net.bind0(Native Method)
	at java.base/sun.nio.ch.Net.bind(Net.java:459)
	at java.base/sun.nio.ch.Net.bind(Net.java:448)
	at java.base/sun.nio.ch.ServerSocketChannelImpl.bind(ServerSocketChannelImpl.java:227)
	at java.base/sun.nio.ch.ServerSocketAdaptor.bind(ServerSocketAdaptor.java:80)
	at java.base/sun.nio.ch.ServerSocketAdaptor.bind(ServerSocketAdaptor.java:73)
	at org.apache.zookeeper.server.NIOServerCnxnFactory.configure(NIOServerCnxnFactory.java:662)
	at org.apache.zookeeper.server.ZooKeeperServerMain.runFromConfig(ZooKeeperServerMain.java:160)
	at org.apache.zookeeper.server.ZooKeeperServerMain.initializeAndRun(ZooKeeperServerMain.java:113)
	at org.apache.zookeeper.server.ZooKeeperServerMain.main(ZooKeeperServerMain.java:68)
	at org.apache.zookeeper.server.quorum.QuorumPeerMain.initializeAndRun(QuorumPeerMain.java:141)
	at org.apache.zookeeper.server.quorum.QuorumPeerMain.main(QuorumPeerMain.java:91)
[2023-10-29 19:21:15,351] INFO ZooKeeper audit is disabled. (org.apache.zookeeper.audit.ZKAuditProvider)
[2023-10-29 19:21:15,352] ERROR Exiting JVM with code 1 (org.apache.zookeeper.util.ServiceUtils)
[2023-10-29 19:22:32,241] INFO Reading configuration from: config/zookeeper.properties (org.apache.zookeeper.server.quorum.QuorumPeerConfig)
[2023-10-29 19:22:32,242] WARN config/zookeeper.properties is relative. Prepend ./ to indicate that you're sure! (org.apache.zookeeper.server.quorum.QuorumPeerConfig)
[2023-10-29 19:22:32,245] INFO clientPortAddress is 0.0.0.0:2181 (org.apache.zookeeper.server.quorum.QuorumPeerConfig)
[2023-10-29 19:22:32,245] INFO secureClientPort is not set (org.apache.zookeeper.server.quorum.QuorumPeerConfig)
[2023-10-29 19:22:32,245] INFO observerMasterPort is not set (org.apache.zookeeper.server.quorum.QuorumPeerConfig)
[2023-10-29 19:22:32,245] INFO metricsProvider.className is org.apache.zookeeper.metrics.impl.DefaultMetricsProvider (org.apache.zookeeper.server.quorum.QuorumPeerConfig)
[2023-10-29 19:22:32,246] INFO autopurge.snapRetainCount set to 3 (org.apache.zookeeper.server.DatadirCleanupManager)
[2023-10-29 19:22:32,246] INFO autopurge.purgeInterval set to 0 (org.apache.zookeeper.server.DatadirCleanupManager)
[2023-10-29 19:22:32,246] INFO Purge task is not scheduled. (org.apache.zookeeper.server.DatadirCleanupManager)
[2023-10-29 19:22:32,246] WARN Either no config or no quorum defined in config, running in standalone mode (org.apache.zookeeper.server.quorum.QuorumPeerMain)
[2023-10-29 19:22:32,247] INFO Log4j 1.2 jmx support not found; jmx disabled. (org.apache.zookeeper.jmx.ManagedUtil)
[2023-10-29 19:22:32,248] INFO Reading configuration from: config/zookeeper.properties (org.apache.zookeeper.server.quorum.QuorumPeerConfig)
[2023-10-29 19:22:32,248] WARN config/zookeeper.properties is relative. Prepend ./ to indicate that you're sure! (org.apache.zookeeper.server.quorum.QuorumPeerConfig)
[2023-10-29 19:22:32,248] INFO clientPortAddress is 0.0.0.0:2181 (org.apache.zookeeper.server.quorum.QuorumPeerConfig)
[2023-10-29 19:22:32,248] INFO secureClientPort is not set (org.apache.zookeeper.server.quorum.QuorumPeerConfig)
[2023-10-29 19:22:32,248] INFO observerMasterPort is not set (org.apache.zookeeper.server.quorum.QuorumPeerConfig)
[2023-10-29 19:22:32,248] INFO metricsProvider.className is org.apache.zookeeper.metrics.impl.DefaultMetricsProvider (org.apache.zookeeper.server.quorum.QuorumPeerConfig)
[2023-10-29 19:22:32,248] INFO Starting server (org.apache.zookeeper.server.ZooKeeperServerMain)
[2023-10-29 19:22:32,256] INFO ServerMetrics initialized with provider org.apache.zookeeper.metrics.impl.DefaultMetricsProvider@45dd4eda (org.apache.zookeeper.server.ServerMetrics)
[2023-10-29 19:22:32,257] INFO ACL digest algorithm is: SHA1 (org.apache.zookeeper.server.auth.DigestAuthenticationProvider)
[2023-10-29 19:22:32,257] INFO zookeeper.DigestAuthenticationProvider.enabled = true (org.apache.zookeeper.server.auth.DigestAuthenticationProvider)
[2023-10-29 19:22:32,259] INFO zookeeper.snapshot.trust.empty : false (org.apache.zookeeper.server.persistence.FileTxnSnapLog)
[2023-10-29 19:22:32,265] INFO  (org.apache.zookeeper.server.ZooKeeperServer)
[2023-10-29 19:22:32,265] INFO   ______                  _                                           (org.apache.zookeeper.server.ZooKeeperServer)
[2023-10-29 19:22:32,265] INFO  |___  /                 | |                                          (org.apache.zookeeper.server.ZooKeeperServer)
[2023-10-29 19:22:32,265] INFO     / /    ___     ___   | | __   ___    ___   _ __     ___   _ __    (org.apache.zookeeper.server.ZooKeeperServer)
[2023-10-29 19:22:32,265] INFO    / /    / _ \   / _ \  | |/ /  / _ \  / _ \ | '_ \   / _ \ | '__| (org.apache.zookeeper.server.ZooKeeperServer)
[2023-10-29 19:22:32,265] INFO   / /__  | (_) | | (_) | |   <  |  __/ |  __/ | |_) | |  __/ | |     (org.apache.zookeeper.server.ZooKeeperServer)
[2023-10-29 19:22:32,265] INFO  /_____|  \___/   \___/  |_|\_\  \___|  \___| | .__/   \___| |_| (org.apache.zookeeper.server.ZooKeeperServer)
[2023-10-29 19:22:32,265] INFO                                               | |                      (org.apache.zookeeper.server.ZooKeeperServer)
[2023-10-29 19:22:32,265] INFO                                               |_|                      (org.apache.zookeeper.server.ZooKeeperServer)
[2023-10-29 19:22:32,265] INFO  (org.apache.zookeeper.server.ZooKeeperServer)
[2023-10-29 19:22:32,266] INFO Server environment:zookeeper.version=3.8.2-139d619b58292d7734b4fc83a0f44be4e7b0c986, built on 2023-07-05 19:24 UTC (org.apache.zookeeper.server.ZooKeeperServer)
[2023-10-29 19:22:32,266] INFO Server environment:host.name=DESKTOP-CE00EVG. (org.apache.zookeeper.server.ZooKeeperServer)
[2023-10-29 19:22:32,266] INFO Server environment:java.version=11.0.20.1 (org.apache.zookeeper.server.ZooKeeperServer)
[2023-10-29 19:22:32,266] INFO Server environment:java.vendor=Ubuntu (org.apache.zookeeper.server.ZooKeeperServer)
[2023-10-29 19:22:32,266] INFO Server environment:java.home=/usr/lib/jvm/java-11-openjdk-amd64 (org.apache.zookeeper.server.ZooKeeperServer)
[2023-10-29 19:22:32,266] INFO Server environment:java.class.path=/home/wesley/kafka/bin/../libs/activation-1.1.1.jar:/home/wesley/kafka/bin/../libs/aopalliance-repackaged-2.6.1.jar:/home/wesley/kafka/bin/../libs/argparse4j-0.7.0.jar:/home/wesley/kafka/bin/../libs/audience-annotations-0.12.0.jar:/home/wesley/kafka/bin/../libs/caffeine-2.9.3.jar:/home/wesley/kafka/bin/../libs/checker-qual-3.19.0.jar:/home/wesley/kafka/bin/../libs/commons-beanutils-1.9.4.jar:/home/wesley/kafka/bin/../libs/commons-cli-1.4.jar:/home/wesley/kafka/bin/../libs/commons-collections-3.2.2.jar:/home/wesley/kafka/bin/../libs/commons-digester-2.1.jar:/home/wesley/kafka/bin/../libs/commons-io-2.11.0.jar:/home/wesley/kafka/bin/../libs/commons-lang3-3.8.1.jar:/home/wesley/kafka/bin/../libs/commons-logging-1.2.jar:/home/wesley/kafka/bin/../libs/commons-validator-1.7.jar:/home/wesley/kafka/bin/../libs/connect-api-3.6.0.jar:/home/wesley/kafka/bin/../libs/connect-basic-auth-extension-3.6.0.jar:/home/wesley/kafka/bin/../libs/connect-json-3.6.0.jar:/home/wesley/kafka/bin/../libs/connect-mirror-3.6.0.jar:/home/wesley/kafka/bin/../libs/connect-mirror-client-3.6.0.jar:/home/wesley/kafka/bin/../libs/connect-runtime-3.6.0.jar:/home/wesley/kafka/bin/../libs/connect-transforms-3.6.0.jar:/home/wesley/kafka/bin/../libs/error_prone_annotations-2.10.0.jar:/home/wesley/kafka/bin/../libs/hk2-api-2.6.1.jar:/home/wesley/kafka/bin/../libs/hk2-locator-2.6.1.jar:/home/wesley/kafka/bin/../libs/hk2-utils-2.6.1.jar:/home/wesley/kafka/bin/../libs/jackson-annotations-2.13.5.jar:/home/wesley/kafka/bin/../libs/jackson-core-2.13.5.jar:/home/wesley/kafka/bin/../libs/jackson-databind-2.13.5.jar:/home/wesley/kafka/bin/../libs/jackson-dataformat-csv-2.13.5.jar:/home/wesley/kafka/bin/../libs/jackson-datatype-jdk8-2.13.5.jar:/home/wesley/kafka/bin/../libs/jackson-jaxrs-base-2.13.5.jar:/home/wesley/kafka/bin/../libs/jackson-jaxrs-json-provider-2.13.5.jar:/home/wesley/kafka/bin/../libs/jackson-module-jaxb-annotations-2.13.5.jar:/home/wesley/kafka/bin/../libs/jackson-module-scala_2.13-2.13.5.jar:/home/wesley/kafka/bin/../libs/jakarta.activation-api-1.2.2.jar:/home/wesley/kafka/bin/../libs/jakarta.annotation-api-1.3.5.jar:/home/wesley/kafka/bin/../libs/jakarta.inject-2.6.1.jar:/home/wesley/kafka/bin/../libs/jakarta.validation-api-2.0.2.jar:/home/wesley/kafka/bin/../libs/jakarta.ws.rs-api-2.1.6.jar:/home/wesley/kafka/bin/../libs/jakarta.xml.bind-api-2.3.3.jar:/home/wesley/kafka/bin/../libs/javassist-3.29.2-GA.jar:/home/wesley/kafka/bin/../libs/javax.activation-api-1.2.0.jar:/home/wesley/kafka/bin/../libs/javax.annotation-api-1.3.2.jar:/home/wesley/kafka/bin/../libs/javax.servlet-api-3.1.0.jar:/home/wesley/kafka/bin/../libs/javax.ws.rs-api-2.1.1.jar:/home/wesley/kafka/bin/../libs/jaxb-api-2.3.1.jar:/home/wesley/kafka/bin/../libs/jersey-client-2.39.1.jar:/home/wesley/kafka/bin/../libs/jersey-common-2.39.1.jar:/home/wesley/kafka/bin/../libs/jersey-container-servlet-2.39.1.jar:/home/wesley/kafka/bin/../libs/jersey-container-servlet-core-2.39.1.jar:/home/wesley/kafka/bin/../libs/jersey-hk2-2.39.1.jar:/home/wesley/kafka/bin/../libs/jersey-server-2.39.1.jar:/home/wesley/kafka/bin/../libs/jetty-client-9.4.52.v20230823.jar:/home/wesley/kafka/bin/../libs/jetty-continuation-9.4.52.v20230823.jar:/home/wesley/kafka/bin/../libs/jetty-http-9.4.52.v20230823.jar:/home/wesley/kafka/bin/../libs/jetty-io-9.4.52.v20230823.jar:/home/wesley/kafka/bin/../libs/jetty-security-9.4.52.v20230823.jar:/home/wesley/kafka/bin/../libs/jetty-server-9.4.52.v20230823.jar:/home/wesley/kafka/bin/../libs/jetty-servlet-9.4.52.v20230823.jar:/home/wesley/kafka/bin/../libs/jetty-servlets-9.4.52.v20230823.jar:/home/wesley/kafka/bin/../libs/jetty-util-9.4.52.v20230823.jar:/home/wesley/kafka/bin/../libs/jetty-util-ajax-9.4.52.v20230823.jar:/home/wesley/kafka/bin/../libs/jline-3.22.0.jar:/home/wesley/kafka/bin/../libs/jopt-simple-5.0.4.jar:/home/wesley/kafka/bin/../libs/jose4j-0.9.3.jar:/home/wesley/kafka/bin/../libs/jsr305-3.0.2.jar:/home/wesley/kafka/bin/../libs/kafka-clients-3.6.0.jar:/home/wesley/kafka/bin/../libs/kafka-group-coordinator-3.6.0.jar:/home/wesley/kafka/bin/../libs/kafka-log4j-appender-3.6.0.jar:/home/wesley/kafka/bin/../libs/kafka-metadata-3.6.0.jar:/home/wesley/kafka/bin/../libs/kafka-raft-3.6.0.jar:/home/wesley/kafka/bin/../libs/kafka-server-common-3.6.0.jar:/home/wesley/kafka/bin/../libs/kafka-shell-3.6.0.jar:/home/wesley/kafka/bin/../libs/kafka-storage-3.6.0.jar:/home/wesley/kafka/bin/../libs/kafka-storage-api-3.6.0.jar:/home/wesley/kafka/bin/../libs/kafka-streams-3.6.0.jar:/home/wesley/kafka/bin/../libs/kafka-streams-examples-3.6.0.jar:/home/wesley/kafka/bin/../libs/kafka-streams-scala_2.13-3.6.0.jar:/home/wesley/kafka/bin/../libs/kafka-streams-test-utils-3.6.0.jar:/home/wesley/kafka/bin/../libs/kafka-tools-3.6.0.jar:/home/wesley/kafka/bin/../libs/kafka-tools-api-3.6.0.jar:/home/wesley/kafka/bin/../libs/kafka_2.13-3.6.0.jar:/home/wesley/kafka/bin/../libs/lz4-java-1.8.0.jar:/home/wesley/kafka/bin/../libs/maven-artifact-3.8.8.jar:/home/wesley/kafka/bin/../libs/metrics-core-2.2.0.jar:/home/wesley/kafka/bin/../libs/metrics-core-4.1.12.1.jar:/home/wesley/kafka/bin/../libs/netty-buffer-4.1.94.Final.jar:/home/wesley/kafka/bin/../libs/netty-codec-4.1.94.Final.jar:/home/wesley/kafka/bin/../libs/netty-common-4.1.94.Final.jar:/home/wesley/kafka/bin/../libs/netty-handler-4.1.94.Final.jar:/home/wesley/kafka/bin/../libs/netty-resolver-4.1.94.Final.jar:/home/wesley/kafka/bin/../libs/netty-transport-4.1.94.Final.jar:/home/wesley/kafka/bin/../libs/netty-transport-classes-epoll-4.1.94.Final.jar:/home/wesley/kafka/bin/../libs/netty-transport-native-epoll-4.1.94.Final.jar:/home/wesley/kafka/bin/../libs/netty-transport-native-unix-common-4.1.94.Final.jar:/home/wesley/kafka/bin/../libs/osgi-resource-locator-1.0.3.jar:/home/wesley/kafka/bin/../libs/paranamer-2.8.jar:/home/wesley/kafka/bin/../libs/pcollections-4.0.1.jar:/home/wesley/kafka/bin/../libs/plexus-utils-3.3.1.jar:/home/wesley/kafka/bin/../libs/reflections-0.10.2.jar:/home/wesley/kafka/bin/../libs/reload4j-1.2.25.jar:/home/wesley/kafka/bin/../libs/rocksdbjni-7.9.2.jar:/home/wesley/kafka/bin/../libs/scala-collection-compat_2.13-2.10.0.jar:/home/wesley/kafka/bin/../libs/scala-java8-compat_2.13-1.0.2.jar:/home/wesley/kafka/bin/../libs/scala-library-2.13.11.jar:/home/wesley/kafka/bin/../libs/scala-logging_2.13-3.9.4.jar:/home/wesley/kafka/bin/../libs/scala-reflect-2.13.11.jar:/home/wesley/kafka/bin/../libs/slf4j-api-1.7.36.jar:/home/wesley/kafka/bin/../libs/slf4j-reload4j-1.7.36.jar:/home/wesley/kafka/bin/../libs/snappy-java-1.1.10.4.jar:/home/wesley/kafka/bin/../libs/swagger-annotations-2.2.8.jar:/home/wesley/kafka/bin/../libs/trogdor-3.6.0.jar:/home/wesley/kafka/bin/../libs/zookeeper-3.8.2.jar:/home/wesley/kafka/bin/../libs/zookeeper-jute-3.8.2.jar:/home/wesley/kafka/bin/../libs/zstd-jni-1.5.5-1.jar (org.apache.zookeeper.server.ZooKeeperServer)
[2023-10-29 19:22:32,267] INFO Server environment:java.library.path=/usr/java/packages/lib:/usr/lib/x86_64-linux-gnu/jni:/lib/x86_64-linux-gnu:/usr/lib/x86_64-linux-gnu:/usr/lib/jni:/lib:/usr/lib (org.apache.zookeeper.server.ZooKeeperServer)
[2023-10-29 19:22:32,267] INFO Server environment:java.io.tmpdir=/tmp (org.apache.zookeeper.server.ZooKeeperServer)
[2023-10-29 19:22:32,267] INFO Server environment:java.compiler=<NA> (org.apache.zookeeper.server.ZooKeeperServer)
[2023-10-29 19:22:32,267] INFO Server environment:os.name=Linux (org.apache.zookeeper.server.ZooKeeperServer)
[2023-10-29 19:22:32,267] INFO Server environment:os.arch=amd64 (org.apache.zookeeper.server.ZooKeeperServer)
[2023-10-29 19:22:32,267] INFO Server environment:os.version=5.15.90.1-microsoft-standard-WSL2 (org.apache.zookeeper.server.ZooKeeperServer)
[2023-10-29 19:22:32,267] INFO Server environment:user.name=wesley (org.apache.zookeeper.server.ZooKeeperServer)
[2023-10-29 19:22:32,267] INFO Server environment:user.home=/home/wesley (org.apache.zookeeper.server.ZooKeeperServer)
[2023-10-29 19:22:32,267] INFO Server environment:user.dir=/home/wesley/kafka (org.apache.zookeeper.server.ZooKeeperServer)
[2023-10-29 19:22:32,267] INFO Server environment:os.memory.free=488MB (org.apache.zookeeper.server.ZooKeeperServer)
[2023-10-29 19:22:32,267] INFO Server environment:os.memory.max=512MB (org.apache.zookeeper.server.ZooKeeperServer)
[2023-10-29 19:22:32,267] INFO Server environment:os.memory.total=512MB (org.apache.zookeeper.server.ZooKeeperServer)
[2023-10-29 19:22:32,267] INFO zookeeper.enableEagerACLCheck = false (org.apache.zookeeper.server.ZooKeeperServer)
[2023-10-29 19:22:32,267] INFO zookeeper.digest.enabled = true (org.apache.zookeeper.server.ZooKeeperServer)
[2023-10-29 19:22:32,267] INFO zookeeper.closeSessionTxn.enabled = true (org.apache.zookeeper.server.ZooKeeperServer)
[2023-10-29 19:22:32,267] INFO zookeeper.flushDelay = 0 ms (org.apache.zookeeper.server.ZooKeeperServer)
[2023-10-29 19:22:32,267] INFO zookeeper.maxWriteQueuePollTime = 0 ms (org.apache.zookeeper.server.ZooKeeperServer)
[2023-10-29 19:22:32,267] INFO zookeeper.maxBatchSize=1000 (org.apache.zookeeper.server.ZooKeeperServer)
[2023-10-29 19:22:32,267] INFO zookeeper.intBufferStartingSizeBytes = 1024 (org.apache.zookeeper.server.ZooKeeperServer)
[2023-10-29 19:22:32,268] INFO Weighed connection throttling is disabled (org.apache.zookeeper.server.BlueThrottle)
[2023-10-29 19:22:32,269] INFO minSessionTimeout set to 6000 ms (org.apache.zookeeper.server.ZooKeeperServer)
[2023-10-29 19:22:32,269] INFO maxSessionTimeout set to 60000 ms (org.apache.zookeeper.server.ZooKeeperServer)
[2023-10-29 19:22:32,269] INFO getData response cache size is initialized with value 400. (org.apache.zookeeper.server.ResponseCache)
[2023-10-29 19:22:32,270] INFO getChildren response cache size is initialized with value 400. (org.apache.zookeeper.server.ResponseCache)
[2023-10-29 19:22:32,270] INFO zookeeper.pathStats.slotCapacity = 60 (org.apache.zookeeper.server.util.RequestPathMetricsCollector)
[2023-10-29 19:22:32,270] INFO zookeeper.pathStats.slotDuration = 15 (org.apache.zookeeper.server.util.RequestPathMetricsCollector)
[2023-10-29 19:22:32,270] INFO zookeeper.pathStats.maxDepth = 6 (org.apache.zookeeper.server.util.RequestPathMetricsCollector)
[2023-10-29 19:22:32,270] INFO zookeeper.pathStats.initialDelay = 5 (org.apache.zookeeper.server.util.RequestPathMetricsCollector)
[2023-10-29 19:22:32,270] INFO zookeeper.pathStats.delay = 5 (org.apache.zookeeper.server.util.RequestPathMetricsCollector)
[2023-10-29 19:22:32,270] INFO zookeeper.pathStats.enabled = false (org.apache.zookeeper.server.util.RequestPathMetricsCollector)
[2023-10-29 19:22:32,272] INFO The max bytes for all large requests are set to 104857600 (org.apache.zookeeper.server.ZooKeeperServer)
[2023-10-29 19:22:32,272] INFO The large request threshold is set to -1 (org.apache.zookeeper.server.ZooKeeperServer)
[2023-10-29 19:22:32,272] INFO zookeeper.enforce.auth.enabled = false (org.apache.zookeeper.server.AuthenticationHelper)
[2023-10-29 19:22:32,272] INFO zookeeper.enforce.auth.schemes = [] (org.apache.zookeeper.server.AuthenticationHelper)
[2023-10-29 19:22:32,272] INFO Created server with tickTime 3000 ms minSessionTimeout 6000 ms maxSessionTimeout 60000 ms clientPortListenBacklog -1 datadir /tmp/zookeeper/version-2 snapdir /tmp/zookeeper/version-2 (org.apache.zookeeper.server.ZooKeeperServer)
[2023-10-29 19:22:32,276] INFO Using org.apache.zookeeper.server.NIOServerCnxnFactory as server connection factory (org.apache.zookeeper.server.ServerCnxnFactory)
[2023-10-29 19:22:32,277] WARN maxCnxns is not configured, using default value 0. (org.apache.zookeeper.server.ServerCnxnFactory)
[2023-10-29 19:22:32,278] INFO Configuring NIO connection handler with 10s sessionless connection timeout, 2 selector thread(s), 32 worker threads, and 64 kB direct buffers. (org.apache.zookeeper.server.NIOServerCnxnFactory)
[2023-10-29 19:22:32,283] INFO binding to port 0.0.0.0/0.0.0.0:2181 (org.apache.zookeeper.server.NIOServerCnxnFactory)
[2023-10-29 19:22:32,307] INFO Using org.apache.zookeeper.server.watch.WatchManager as watch manager (org.apache.zookeeper.server.watch.WatchManagerFactory)
[2023-10-29 19:22:32,307] INFO Using org.apache.zookeeper.server.watch.WatchManager as watch manager (org.apache.zookeeper.server.watch.WatchManagerFactory)
[2023-10-29 19:22:32,307] INFO zookeeper.snapshotSizeFactor = 0.33 (org.apache.zookeeper.server.ZKDatabase)
[2023-10-29 19:22:32,308] INFO zookeeper.commitLogCount=500 (org.apache.zookeeper.server.ZKDatabase)
[2023-10-29 19:22:32,312] INFO zookeeper.snapshot.compression.method = CHECKED (org.apache.zookeeper.server.persistence.SnapStream)
[2023-10-29 19:22:32,312] INFO Snapshotting: 0x0 to /tmp/zookeeper/version-2/snapshot.0 (org.apache.zookeeper.server.persistence.FileTxnSnapLog)
[2023-10-29 19:22:32,315] INFO Snapshot loaded in 7 ms, highest zxid is 0x0, digest is 1371985504 (org.apache.zookeeper.server.ZKDatabase)
[2023-10-29 19:22:32,315] INFO Snapshotting: 0x0 to /tmp/zookeeper/version-2/snapshot.0 (org.apache.zookeeper.server.persistence.FileTxnSnapLog)
[2023-10-29 19:22:32,316] INFO Snapshot taken in 0 ms (org.apache.zookeeper.server.ZooKeeperServer)
[2023-10-29 19:22:32,323] INFO zookeeper.request_throttler.shutdownTimeout = 10000 ms (org.apache.zookeeper.server.RequestThrottler)
[2023-10-29 19:22:32,323] INFO PrepRequestProcessor (sid:0) started, reconfigEnabled=false (org.apache.zookeeper.server.PrepRequestProcessor)
[2023-10-29 19:22:32,337] INFO Using checkIntervalMs=60000 maxPerMinute=10000 maxNeverUsedIntervalMs=0 (org.apache.zookeeper.server.ContainerManager)
[2023-10-29 19:22:32,338] INFO ZooKeeper audit is disabled. (org.apache.zookeeper.audit.ZKAuditProvider)
[2023-10-29 19:22:35,733] INFO Registered kafka:type=kafka.Log4jController MBean (kafka.utils.Log4jControllerRegistration$)
[2023-10-29 19:22:35,937] INFO Setting -D jdk.tls.rejectClientInitiatedRenegotiation=true to disable client-initiated TLS renegotiation (org.apache.zookeeper.common.X509Util)
[2023-10-29 19:22:36,012] INFO Registered signal handlers for TERM, INT, HUP (org.apache.kafka.common.utils.LoggingSignalHandler)
[2023-10-29 19:22:36,013] INFO starting (kafka.server.KafkaServer)
[2023-10-29 19:22:36,013] INFO Connecting to zookeeper on localhost:2181 (kafka.server.KafkaServer)
[2023-10-29 19:22:36,025] INFO [ZooKeeperClient Kafka server] Initializing a new session to localhost:2181. (kafka.zookeeper.ZooKeeperClient)
[2023-10-29 19:22:36,030] INFO Client environment:zookeeper.version=3.8.2-139d619b58292d7734b4fc83a0f44be4e7b0c986, built on 2023-07-05 19:24 UTC (org.apache.zookeeper.ZooKeeper)
[2023-10-29 19:22:36,030] INFO Client environment:host.name=DESKTOP-CE00EVG. (org.apache.zookeeper.ZooKeeper)
[2023-10-29 19:22:36,030] INFO Client environment:java.version=11.0.20.1 (org.apache.zookeeper.ZooKeeper)
[2023-10-29 19:22:36,030] INFO Client environment:java.vendor=Ubuntu (org.apache.zookeeper.ZooKeeper)
[2023-10-29 19:22:36,030] INFO Client environment:java.home=/usr/lib/jvm/java-11-openjdk-amd64 (org.apache.zookeeper.ZooKeeper)
[2023-10-29 19:22:36,030] INFO Client environment:java.class.path=/home/wesley/kafka/bin/../libs/activation-1.1.1.jar:/home/wesley/kafka/bin/../libs/aopalliance-repackaged-2.6.1.jar:/home/wesley/kafka/bin/../libs/argparse4j-0.7.0.jar:/home/wesley/kafka/bin/../libs/audience-annotations-0.12.0.jar:/home/wesley/kafka/bin/../libs/caffeine-2.9.3.jar:/home/wesley/kafka/bin/../libs/checker-qual-3.19.0.jar:/home/wesley/kafka/bin/../libs/commons-beanutils-1.9.4.jar:/home/wesley/kafka/bin/../libs/commons-cli-1.4.jar:/home/wesley/kafka/bin/../libs/commons-collections-3.2.2.jar:/home/wesley/kafka/bin/../libs/commons-digester-2.1.jar:/home/wesley/kafka/bin/../libs/commons-io-2.11.0.jar:/home/wesley/kafka/bin/../libs/commons-lang3-3.8.1.jar:/home/wesley/kafka/bin/../libs/commons-logging-1.2.jar:/home/wesley/kafka/bin/../libs/commons-validator-1.7.jar:/home/wesley/kafka/bin/../libs/connect-api-3.6.0.jar:/home/wesley/kafka/bin/../libs/connect-basic-auth-extension-3.6.0.jar:/home/wesley/kafka/bin/../libs/connect-json-3.6.0.jar:/home/wesley/kafka/bin/../libs/connect-mirror-3.6.0.jar:/home/wesley/kafka/bin/../libs/connect-mirror-client-3.6.0.jar:/home/wesley/kafka/bin/../libs/connect-runtime-3.6.0.jar:/home/wesley/kafka/bin/../libs/connect-transforms-3.6.0.jar:/home/wesley/kafka/bin/../libs/error_prone_annotations-2.10.0.jar:/home/wesley/kafka/bin/../libs/hk2-api-2.6.1.jar:/home/wesley/kafka/bin/../libs/hk2-locator-2.6.1.jar:/home/wesley/kafka/bin/../libs/hk2-utils-2.6.1.jar:/home/wesley/kafka/bin/../libs/jackson-annotations-2.13.5.jar:/home/wesley/kafka/bin/../libs/jackson-core-2.13.5.jar:/home/wesley/kafka/bin/../libs/jackson-databind-2.13.5.jar:/home/wesley/kafka/bin/../libs/jackson-dataformat-csv-2.13.5.jar:/home/wesley/kafka/bin/../libs/jackson-datatype-jdk8-2.13.5.jar:/home/wesley/kafka/bin/../libs/jackson-jaxrs-base-2.13.5.jar:/home/wesley/kafka/bin/../libs/jackson-jaxrs-json-provider-2.13.5.jar:/home/wesley/kafka/bin/../libs/jackson-module-jaxb-annotations-2.13.5.jar:/home/wesley/kafka/bin/../libs/jackson-module-scala_2.13-2.13.5.jar:/home/wesley/kafka/bin/../libs/jakarta.activation-api-1.2.2.jar:/home/wesley/kafka/bin/../libs/jakarta.annotation-api-1.3.5.jar:/home/wesley/kafka/bin/../libs/jakarta.inject-2.6.1.jar:/home/wesley/kafka/bin/../libs/jakarta.validation-api-2.0.2.jar:/home/wesley/kafka/bin/../libs/jakarta.ws.rs-api-2.1.6.jar:/home/wesley/kafka/bin/../libs/jakarta.xml.bind-api-2.3.3.jar:/home/wesley/kafka/bin/../libs/javassist-3.29.2-GA.jar:/home/wesley/kafka/bin/../libs/javax.activation-api-1.2.0.jar:/home/wesley/kafka/bin/../libs/javax.annotation-api-1.3.2.jar:/home/wesley/kafka/bin/../libs/javax.servlet-api-3.1.0.jar:/home/wesley/kafka/bin/../libs/javax.ws.rs-api-2.1.1.jar:/home/wesley/kafka/bin/../libs/jaxb-api-2.3.1.jar:/home/wesley/kafka/bin/../libs/jersey-client-2.39.1.jar:/home/wesley/kafka/bin/../libs/jersey-common-2.39.1.jar:/home/wesley/kafka/bin/../libs/jersey-container-servlet-2.39.1.jar:/home/wesley/kafka/bin/../libs/jersey-container-servlet-core-2.39.1.jar:/home/wesley/kafka/bin/../libs/jersey-hk2-2.39.1.jar:/home/wesley/kafka/bin/../libs/jersey-server-2.39.1.jar:/home/wesley/kafka/bin/../libs/jetty-client-9.4.52.v20230823.jar:/home/wesley/kafka/bin/../libs/jetty-continuation-9.4.52.v20230823.jar:/home/wesley/kafka/bin/../libs/jetty-http-9.4.52.v20230823.jar:/home/wesley/kafka/bin/../libs/jetty-io-9.4.52.v20230823.jar:/home/wesley/kafka/bin/../libs/jetty-security-9.4.52.v20230823.jar:/home/wesley/kafka/bin/../libs/jetty-server-9.4.52.v20230823.jar:/home/wesley/kafka/bin/../libs/jetty-servlet-9.4.52.v20230823.jar:/home/wesley/kafka/bin/../libs/jetty-servlets-9.4.52.v20230823.jar:/home/wesley/kafka/bin/../libs/jetty-util-9.4.52.v20230823.jar:/home/wesley/kafka/bin/../libs/jetty-util-ajax-9.4.52.v20230823.jar:/home/wesley/kafka/bin/../libs/jline-3.22.0.jar:/home/wesley/kafka/bin/../libs/jopt-simple-5.0.4.jar:/home/wesley/kafka/bin/../libs/jose4j-0.9.3.jar:/home/wesley/kafka/bin/../libs/jsr305-3.0.2.jar:/home/wesley/kafka/bin/../libs/kafka-clients-3.6.0.jar:/home/wesley/kafka/bin/../libs/kafka-group-coordinator-3.6.0.jar:/home/wesley/kafka/bin/../libs/kafka-log4j-appender-3.6.0.jar:/home/wesley/kafka/bin/../libs/kafka-metadata-3.6.0.jar:/home/wesley/kafka/bin/../libs/kafka-raft-3.6.0.jar:/home/wesley/kafka/bin/../libs/kafka-server-common-3.6.0.jar:/home/wesley/kafka/bin/../libs/kafka-shell-3.6.0.jar:/home/wesley/kafka/bin/../libs/kafka-storage-3.6.0.jar:/home/wesley/kafka/bin/../libs/kafka-storage-api-3.6.0.jar:/home/wesley/kafka/bin/../libs/kafka-streams-3.6.0.jar:/home/wesley/kafka/bin/../libs/kafka-streams-examples-3.6.0.jar:/home/wesley/kafka/bin/../libs/kafka-streams-scala_2.13-3.6.0.jar:/home/wesley/kafka/bin/../libs/kafka-streams-test-utils-3.6.0.jar:/home/wesley/kafka/bin/../libs/kafka-tools-3.6.0.jar:/home/wesley/kafka/bin/../libs/kafka-tools-api-3.6.0.jar:/home/wesley/kafka/bin/../libs/kafka_2.13-3.6.0.jar:/home/wesley/kafka/bin/../libs/lz4-java-1.8.0.jar:/home/wesley/kafka/bin/../libs/maven-artifact-3.8.8.jar:/home/wesley/kafka/bin/../libs/metrics-core-2.2.0.jar:/home/wesley/kafka/bin/../libs/metrics-core-4.1.12.1.jar:/home/wesley/kafka/bin/../libs/netty-buffer-4.1.94.Final.jar:/home/wesley/kafka/bin/../libs/netty-codec-4.1.94.Final.jar:/home/wesley/kafka/bin/../libs/netty-common-4.1.94.Final.jar:/home/wesley/kafka/bin/../libs/netty-handler-4.1.94.Final.jar:/home/wesley/kafka/bin/../libs/netty-resolver-4.1.94.Final.jar:/home/wesley/kafka/bin/../libs/netty-transport-4.1.94.Final.jar:/home/wesley/kafka/bin/../libs/netty-transport-classes-epoll-4.1.94.Final.jar:/home/wesley/kafka/bin/../libs/netty-transport-native-epoll-4.1.94.Final.jar:/home/wesley/kafka/bin/../libs/netty-transport-native-unix-common-4.1.94.Final.jar:/home/wesley/kafka/bin/../libs/osgi-resource-locator-1.0.3.jar:/home/wesley/kafka/bin/../libs/paranamer-2.8.jar:/home/wesley/kafka/bin/../libs/pcollections-4.0.1.jar:/home/wesley/kafka/bin/../libs/plexus-utils-3.3.1.jar:/home/wesley/kafka/bin/../libs/reflections-0.10.2.jar:/home/wesley/kafka/bin/../libs/reload4j-1.2.25.jar:/home/wesley/kafka/bin/../libs/rocksdbjni-7.9.2.jar:/home/wesley/kafka/bin/../libs/scala-collection-compat_2.13-2.10.0.jar:/home/wesley/kafka/bin/../libs/scala-java8-compat_2.13-1.0.2.jar:/home/wesley/kafka/bin/../libs/scala-library-2.13.11.jar:/home/wesley/kafka/bin/../libs/scala-logging_2.13-3.9.4.jar:/home/wesley/kafka/bin/../libs/scala-reflect-2.13.11.jar:/home/wesley/kafka/bin/../libs/slf4j-api-1.7.36.jar:/home/wesley/kafka/bin/../libs/slf4j-reload4j-1.7.36.jar:/home/wesley/kafka/bin/../libs/snappy-java-1.1.10.4.jar:/home/wesley/kafka/bin/../libs/swagger-annotations-2.2.8.jar:/home/wesley/kafka/bin/../libs/trogdor-3.6.0.jar:/home/wesley/kafka/bin/../libs/zookeeper-3.8.2.jar:/home/wesley/kafka/bin/../libs/zookeeper-jute-3.8.2.jar:/home/wesley/kafka/bin/../libs/zstd-jni-1.5.5-1.jar (org.apache.zookeeper.ZooKeeper)
[2023-10-29 19:22:36,030] INFO Client environment:java.library.path=/usr/java/packages/lib:/usr/lib/x86_64-linux-gnu/jni:/lib/x86_64-linux-gnu:/usr/lib/x86_64-linux-gnu:/usr/lib/jni:/lib:/usr/lib (org.apache.zookeeper.ZooKeeper)
[2023-10-29 19:22:36,030] INFO Client environment:java.io.tmpdir=/tmp (org.apache.zookeeper.ZooKeeper)
[2023-10-29 19:22:36,031] INFO Client environment:java.compiler=<NA> (org.apache.zookeeper.ZooKeeper)
[2023-10-29 19:22:36,031] INFO Client environment:os.name=Linux (org.apache.zookeeper.ZooKeeper)
[2023-10-29 19:22:36,031] INFO Client environment:os.arch=amd64 (org.apache.zookeeper.ZooKeeper)
[2023-10-29 19:22:36,031] INFO Client environment:os.version=5.15.90.1-microsoft-standard-WSL2 (org.apache.zookeeper.ZooKeeper)
[2023-10-29 19:22:36,031] INFO Client environment:user.name=wesley (org.apache.zookeeper.ZooKeeper)
[2023-10-29 19:22:36,031] INFO Client environment:user.home=/home/wesley (org.apache.zookeeper.ZooKeeper)
[2023-10-29 19:22:36,031] INFO Client environment:user.dir=/home/wesley/kafka (org.apache.zookeeper.ZooKeeper)
[2023-10-29 19:22:36,031] INFO Client environment:os.memory.free=1011MB (org.apache.zookeeper.ZooKeeper)
[2023-10-29 19:22:36,031] INFO Client environment:os.memory.max=1024MB (org.apache.zookeeper.ZooKeeper)
[2023-10-29 19:22:36,031] INFO Client environment:os.memory.total=1024MB (org.apache.zookeeper.ZooKeeper)
[2023-10-29 19:22:36,032] INFO Initiating client connection, connectString=localhost:2181 sessionTimeout=18000 watcher=kafka.zookeeper.ZooKeeperClient$ZooKeeperClientWatcher$@4ef782af (org.apache.zookeeper.ZooKeeper)
[2023-10-29 19:22:36,035] INFO jute.maxbuffer value is 4194304 Bytes (org.apache.zookeeper.ClientCnxnSocket)
[2023-10-29 19:22:36,041] INFO zookeeper.request.timeout value is 0. feature enabled=false (org.apache.zookeeper.ClientCnxn)
[2023-10-29 19:22:36,043] INFO [ZooKeeperClient Kafka server] Waiting until connected. (kafka.zookeeper.ZooKeeperClient)
[2023-10-29 19:22:36,044] INFO Opening socket connection to server localhost/127.0.0.1:2181. (org.apache.zookeeper.ClientCnxn)
[2023-10-29 19:22:36,050] INFO Socket connection established, initiating session, client: /127.0.0.1:51044, server: localhost/127.0.0.1:2181 (org.apache.zookeeper.ClientCnxn)
[2023-10-29 19:22:36,061] INFO Creating new log file: log.1 (org.apache.zookeeper.server.persistence.FileTxnLog)
[2023-10-29 19:22:36,083] INFO Session establishment complete on server localhost/127.0.0.1:2181, session id = 0x10000a41af60000, negotiated timeout = 18000 (org.apache.zookeeper.ClientCnxn)
[2023-10-29 19:22:36,085] INFO [ZooKeeperClient Kafka server] Connected. (kafka.zookeeper.ZooKeeperClient)
[2023-10-29 19:22:36,341] INFO Cluster ID = nhHPwIMMTPSfeaWCH8IeUw (kafka.server.KafkaServer)
[2023-10-29 19:22:36,343] WARN No meta.properties file under dir /tmp/kafka-logs/meta.properties (kafka.server.BrokerMetadataCheckpoint)
[2023-10-29 19:22:36,378] INFO KafkaConfig values: 
	advertised.listeners = null
	alter.config.policy.class.name = null
	alter.log.dirs.replication.quota.window.num = 11
	alter.log.dirs.replication.quota.window.size.seconds = 1
	authorizer.class.name = 
	auto.create.topics.enable = true
	auto.include.jmx.reporter = true
	auto.leader.rebalance.enable = true
	background.threads = 10
	broker.heartbeat.interval.ms = 2000
	broker.id = 0
	broker.id.generation.enable = true
	broker.rack = null
	broker.session.timeout.ms = 9000
	client.quota.callback.class = null
	compression.type = producer
	connection.failed.authentication.delay.ms = 100
	connections.max.idle.ms = 600000
	connections.max.reauth.ms = 0
	control.plane.listener.name = null
	controlled.shutdown.enable = true
	controlled.shutdown.max.retries = 3
	controlled.shutdown.retry.backoff.ms = 5000
	controller.listener.names = null
	controller.quorum.append.linger.ms = 25
	controller.quorum.election.backoff.max.ms = 1000
	controller.quorum.election.timeout.ms = 1000
	controller.quorum.fetch.timeout.ms = 2000
	controller.quorum.request.timeout.ms = 2000
	controller.quorum.retry.backoff.ms = 20
	controller.quorum.voters = []
	controller.quota.window.num = 11
	controller.quota.window.size.seconds = 1
	controller.socket.timeout.ms = 30000
	create.topic.policy.class.name = null
	default.replication.factor = 1
	delegation.token.expiry.check.interval.ms = 3600000
	delegation.token.expiry.time.ms = 86400000
	delegation.token.master.key = null
	delegation.token.max.lifetime.ms = 604800000
	delegation.token.secret.key = null
	delete.records.purgatory.purge.interval.requests = 1
	delete.topic.enable = true
	early.start.listeners = null
	fetch.max.bytes = 57671680
	fetch.purgatory.purge.interval.requests = 1000
	group.consumer.assignors = [org.apache.kafka.coordinator.group.assignor.RangeAssignor]
	group.consumer.heartbeat.interval.ms = 5000
	group.consumer.max.heartbeat.interval.ms = 15000
	group.consumer.max.session.timeout.ms = 60000
	group.consumer.max.size = 2147483647
	group.consumer.min.heartbeat.interval.ms = 5000
	group.consumer.min.session.timeout.ms = 45000
	group.consumer.session.timeout.ms = 45000
	group.coordinator.new.enable = false
	group.coordinator.threads = 1
	group.initial.rebalance.delay.ms = 0
	group.max.session.timeout.ms = 1800000
	group.max.size = 2147483647
	group.min.session.timeout.ms = 6000
	initial.broker.registration.timeout.ms = 60000
	inter.broker.listener.name = null
	inter.broker.protocol.version = 3.6-IV2
	kafka.metrics.polling.interval.secs = 10
	kafka.metrics.reporters = []
	leader.imbalance.check.interval.seconds = 300
	leader.imbalance.per.broker.percentage = 10
	listener.security.protocol.map = PLAINTEXT:PLAINTEXT,SSL:SSL,SASL_PLAINTEXT:SASL_PLAINTEXT,SASL_SSL:SASL_SSL
	listeners = PLAINTEXT://:9092
	log.cleaner.backoff.ms = 15000
	log.cleaner.dedupe.buffer.size = 134217728
	log.cleaner.delete.retention.ms = 86400000
	log.cleaner.enable = true
	log.cleaner.io.buffer.load.factor = 0.9
	log.cleaner.io.buffer.size = 524288
	log.cleaner.io.max.bytes.per.second = 1.7976931348623157E308
	log.cleaner.max.compaction.lag.ms = 9223372036854775807
	log.cleaner.min.cleanable.ratio = 0.5
	log.cleaner.min.compaction.lag.ms = 0
	log.cleaner.threads = 1
	log.cleanup.policy = [delete]
	log.dir = /tmp/kafka-logs
	log.dirs = /tmp/kafka-logs
	log.flush.interval.messages = 9223372036854775807
	log.flush.interval.ms = null
	log.flush.offset.checkpoint.interval.ms = 60000
	log.flush.scheduler.interval.ms = 9223372036854775807
	log.flush.start.offset.checkpoint.interval.ms = 60000
	log.index.interval.bytes = 4096
	log.index.size.max.bytes = 10485760
	log.local.retention.bytes = -2
	log.local.retention.ms = -2
	log.message.downconversion.enable = true
	log.message.format.version = 3.0-IV1
	log.message.timestamp.after.max.ms = 9223372036854775807
	log.message.timestamp.before.max.ms = 9223372036854775807
	log.message.timestamp.difference.max.ms = 9223372036854775807
	log.message.timestamp.type = CreateTime
	log.preallocate = false
	log.retention.bytes = -1
	log.retention.check.interval.ms = 300000
	log.retention.hours = 168
	log.retention.minutes = null
	log.retention.ms = null
	log.roll.hours = 168
	log.roll.jitter.hours = 0
	log.roll.jitter.ms = null
	log.roll.ms = null
	log.segment.bytes = 1073741824
	log.segment.delete.delay.ms = 60000
	max.connection.creation.rate = 2147483647
	max.connections = 2147483647
	max.connections.per.ip = 2147483647
	max.connections.per.ip.overrides = 
	max.incremental.fetch.session.cache.slots = 1000
	message.max.bytes = 1048588
	metadata.log.dir = null
	metadata.log.max.record.bytes.between.snapshots = 20971520
	metadata.log.max.snapshot.interval.ms = 3600000
	metadata.log.segment.bytes = 1073741824
	metadata.log.segment.min.bytes = 8388608
	metadata.log.segment.ms = 604800000
	metadata.max.idle.interval.ms = 500
	metadata.max.retention.bytes = 104857600
	metadata.max.retention.ms = 604800000
	metric.reporters = []
	metrics.num.samples = 2
	metrics.recording.level = INFO
	metrics.sample.window.ms = 30000
	min.insync.replicas = 1
	node.id = 0
	num.io.threads = 8
	num.network.threads = 3
	num.partitions = 1
	num.recovery.threads.per.data.dir = 1
	num.replica.alter.log.dirs.threads = null
	num.replica.fetchers = 1
	offset.metadata.max.bytes = 4096
	offsets.commit.required.acks = -1
	offsets.commit.timeout.ms = 5000
	offsets.load.buffer.size = 5242880
	offsets.retention.check.interval.ms = 600000
	offsets.retention.minutes = 10080
	offsets.topic.compression.codec = 0
	offsets.topic.num.partitions = 50
	offsets.topic.replication.factor = 1
	offsets.topic.segment.bytes = 104857600
	password.encoder.cipher.algorithm = AES/CBC/PKCS5Padding
	password.encoder.iterations = 4096
	password.encoder.key.length = 128
	password.encoder.keyfactory.algorithm = null
	password.encoder.old.secret = null
	password.encoder.secret = null
	principal.builder.class = class org.apache.kafka.common.security.authenticator.DefaultKafkaPrincipalBuilder
	process.roles = []
	producer.id.expiration.check.interval.ms = 600000
	producer.id.expiration.ms = 86400000
	producer.purgatory.purge.interval.requests = 1000
	queued.max.request.bytes = -1
	queued.max.requests = 500
	quota.window.num = 11
	quota.window.size.seconds = 1
	remote.log.index.file.cache.total.size.bytes = 1073741824
	remote.log.manager.task.interval.ms = 30000
	remote.log.manager.task.retry.backoff.max.ms = 30000
	remote.log.manager.task.retry.backoff.ms = 500
	remote.log.manager.task.retry.jitter = 0.2
	remote.log.manager.thread.pool.size = 10
	remote.log.metadata.custom.metadata.max.bytes = 128
	remote.log.metadata.manager.class.name = org.apache.kafka.server.log.remote.metadata.storage.TopicBasedRemoteLogMetadataManager
	remote.log.metadata.manager.class.path = null
	remote.log.metadata.manager.impl.prefix = rlmm.config.
	remote.log.metadata.manager.listener.name = null
	remote.log.reader.max.pending.tasks = 100
	remote.log.reader.threads = 10
	remote.log.storage.manager.class.name = null
	remote.log.storage.manager.class.path = null
	remote.log.storage.manager.impl.prefix = rsm.config.
	remote.log.storage.system.enable = false
	replica.fetch.backoff.ms = 1000
	replica.fetch.max.bytes = 1048576
	replica.fetch.min.bytes = 1
	replica.fetch.response.max.bytes = 10485760
	replica.fetch.wait.max.ms = 500
	replica.high.watermark.checkpoint.interval.ms = 5000
	replica.lag.time.max.ms = 30000
	replica.selector.class = null
	replica.socket.receive.buffer.bytes = 65536
	replica.socket.timeout.ms = 30000
	replication.quota.window.num = 11
	replication.quota.window.size.seconds = 1
	request.timeout.ms = 30000
	reserved.broker.max.id = 1000
	sasl.client.callback.handler.class = null
	sasl.enabled.mechanisms = [GSSAPI]
	sasl.jaas.config = null
	sasl.kerberos.kinit.cmd = /usr/bin/kinit
	sasl.kerberos.min.time.before.relogin = 60000
	sasl.kerberos.principal.to.local.rules = [DEFAULT]
	sasl.kerberos.service.name = null
	sasl.kerberos.ticket.renew.jitter = 0.05
	sasl.kerberos.ticket.renew.window.factor = 0.8
	sasl.login.callback.handler.class = null
	sasl.login.class = null
	sasl.login.connect.timeout.ms = null
	sasl.login.read.timeout.ms = null
	sasl.login.refresh.buffer.seconds = 300
	sasl.login.refresh.min.period.seconds = 60
	sasl.login.refresh.window.factor = 0.8
	sasl.login.refresh.window.jitter = 0.05
	sasl.login.retry.backoff.max.ms = 10000
	sasl.login.retry.backoff.ms = 100
	sasl.mechanism.controller.protocol = GSSAPI
	sasl.mechanism.inter.broker.protocol = GSSAPI
	sasl.oauthbearer.clock.skew.seconds = 30
	sasl.oauthbearer.expected.audience = null
	sasl.oauthbearer.expected.issuer = null
	sasl.oauthbearer.jwks.endpoint.refresh.ms = 3600000
	sasl.oauthbearer.jwks.endpoint.retry.backoff.max.ms = 10000
	sasl.oauthbearer.jwks.endpoint.retry.backoff.ms = 100
	sasl.oauthbearer.jwks.endpoint.url = null
	sasl.oauthbearer.scope.claim.name = scope
	sasl.oauthbearer.sub.claim.name = sub
	sasl.oauthbearer.token.endpoint.url = null
	sasl.server.callback.handler.class = null
	sasl.server.max.receive.size = 524288
	security.inter.broker.protocol = PLAINTEXT
	security.providers = null
	server.max.startup.time.ms = 9223372036854775807
	socket.connection.setup.timeout.max.ms = 30000
	socket.connection.setup.timeout.ms = 10000
	socket.listen.backlog.size = 50
	socket.receive.buffer.bytes = 102400
	socket.request.max.bytes = 104857600
	socket.send.buffer.bytes = 102400
	ssl.cipher.suites = []
	ssl.client.auth = none
	ssl.enabled.protocols = [TLSv1.2, TLSv1.3]
	ssl.endpoint.identification.algorithm = https
	ssl.engine.factory.class = null
	ssl.key.password = null
	ssl.keymanager.algorithm = SunX509
	ssl.keystore.certificate.chain = null
	ssl.keystore.key = null
	ssl.keystore.location = null
	ssl.keystore.password = null
	ssl.keystore.type = JKS
	ssl.principal.mapping.rules = DEFAULT
	ssl.protocol = TLSv1.3
	ssl.provider = null
	ssl.secure.random.implementation = null
	ssl.trustmanager.algorithm = PKIX
	ssl.truststore.certificates = null
	ssl.truststore.location = null
	ssl.truststore.password = null
	ssl.truststore.type = JKS
	transaction.abort.timed.out.transaction.cleanup.interval.ms = 10000
	transaction.max.timeout.ms = 900000
	transaction.partition.verification.enable = true
	transaction.remove.expired.transaction.cleanup.interval.ms = 3600000
	transaction.state.log.load.buffer.size = 5242880
	transaction.state.log.min.isr = 1
	transaction.state.log.num.partitions = 50
	transaction.state.log.replication.factor = 1
	transaction.state.log.segment.bytes = 104857600
	transactional.id.expiration.ms = 604800000
	unclean.leader.election.enable = false
	unstable.api.versions.enable = false
	zookeeper.clientCnxnSocket = null
	zookeeper.connect = localhost:2181
	zookeeper.connection.timeout.ms = 18000
	zookeeper.max.in.flight.requests = 10
	zookeeper.metadata.migration.enable = false
	zookeeper.session.timeout.ms = 18000
	zookeeper.set.acl = false
	zookeeper.ssl.cipher.suites = null
	zookeeper.ssl.client.enable = false
	zookeeper.ssl.crl.enable = false
	zookeeper.ssl.enabled.protocols = null
	zookeeper.ssl.endpoint.identification.algorithm = HTTPS
	zookeeper.ssl.keystore.location = null
	zookeeper.ssl.keystore.password = null
	zookeeper.ssl.keystore.type = null
	zookeeper.ssl.ocsp.enable = false
	zookeeper.ssl.protocol = TLSv1.2
	zookeeper.ssl.truststore.location = null
	zookeeper.ssl.truststore.password = null
	zookeeper.ssl.truststore.type = null
 (kafka.server.KafkaConfig)
[2023-10-29 19:22:36,414] INFO [ThrottledChannelReaper-Fetch]: Starting (kafka.server.ClientQuotaManager$ThrottledChannelReaper)
[2023-10-29 19:22:36,415] INFO [ThrottledChannelReaper-Produce]: Starting (kafka.server.ClientQuotaManager$ThrottledChannelReaper)
[2023-10-29 19:22:36,416] INFO [ThrottledChannelReaper-Request]: Starting (kafka.server.ClientQuotaManager$ThrottledChannelReaper)
[2023-10-29 19:22:36,418] INFO [ThrottledChannelReaper-ControllerMutation]: Starting (kafka.server.ClientQuotaManager$ThrottledChannelReaper)
[2023-10-29 19:22:36,428] INFO Log directory /tmp/kafka-logs not found, creating it. (kafka.log.LogManager)
[2023-10-29 19:22:36,447] INFO Loading logs from log dirs ArraySeq(/tmp/kafka-logs) (kafka.log.LogManager)
[2023-10-29 19:22:36,450] INFO No logs found to be loaded in /tmp/kafka-logs (kafka.log.LogManager)
[2023-10-29 19:22:36,456] INFO Loaded 0 logs in 8ms (kafka.log.LogManager)
[2023-10-29 19:22:36,457] INFO Starting log cleanup with a period of 300000 ms. (kafka.log.LogManager)
[2023-10-29 19:22:36,458] INFO Starting log flusher with a default period of 9223372036854775807 ms. (kafka.log.LogManager)
[2023-10-29 19:22:36,508] INFO [kafka-log-cleaner-thread-0]: Starting (kafka.log.LogCleaner$CleanerThread)
[2023-10-29 19:22:36,518] INFO [feature-zk-node-event-process-thread]: Starting (kafka.server.FinalizedFeatureChangeListener$ChangeNotificationProcessorThread)
[2023-10-29 19:22:36,527] INFO Feature ZK node at path: /feature does not exist (kafka.server.FinalizedFeatureChangeListener)
[2023-10-29 19:22:36,543] INFO [zk-broker-0-to-controller-forwarding-channel-manager]: Starting (kafka.server.BrokerToControllerRequestThread)
[2023-10-29 19:22:36,725] INFO Updated connection-accept-rate max connection creation rate to 2147483647 (kafka.network.ConnectionQuotas)
[2023-10-29 19:22:36,739] INFO [SocketServer listenerType=ZK_BROKER, nodeId=0] Created data-plane acceptor and processors for endpoint : ListenerName(PLAINTEXT) (kafka.network.SocketServer)
[2023-10-29 19:22:36,746] INFO [zk-broker-0-to-controller-alter-partition-channel-manager]: Starting (kafka.server.BrokerToControllerRequestThread)
[2023-10-29 19:22:36,765] INFO [ExpirationReaper-0-Produce]: Starting (kafka.server.DelayedOperationPurgatory$ExpiredOperationReaper)
[2023-10-29 19:22:36,765] INFO [ExpirationReaper-0-Fetch]: Starting (kafka.server.DelayedOperationPurgatory$ExpiredOperationReaper)
[2023-10-29 19:22:36,766] INFO [ExpirationReaper-0-DeleteRecords]: Starting (kafka.server.DelayedOperationPurgatory$ExpiredOperationReaper)
[2023-10-29 19:22:36,767] INFO [ExpirationReaper-0-ElectLeader]: Starting (kafka.server.DelayedOperationPurgatory$ExpiredOperationReaper)
[2023-10-29 19:22:36,767] INFO [ExpirationReaper-0-RemoteFetch]: Starting (kafka.server.DelayedOperationPurgatory$ExpiredOperationReaper)
[2023-10-29 19:22:36,776] INFO [LogDirFailureHandler]: Starting (kafka.server.ReplicaManager$LogDirFailureHandler)
[2023-10-29 19:22:36,776] INFO [AddPartitionsToTxnSenderThread-0]: Starting (kafka.server.AddPartitionsToTxnManager)
[2023-10-29 19:22:36,796] INFO Creating /brokers/ids/0 (is it secure? false) (kafka.zk.KafkaZkClient)
[2023-10-29 19:22:36,814] INFO Stat of the created znode at /brokers/ids/0 is: 25,25,1698618156805,1698618156805,1,0,0,72058298864893952,216,0,25
 (kafka.zk.KafkaZkClient)
[2023-10-29 19:22:36,815] INFO Registered broker 0 at path /brokers/ids/0 with addresses: PLAINTEXT://DESKTOP-CE00EVG.:9092, czxid (broker epoch): 25 (kafka.zk.KafkaZkClient)
[2023-10-29 19:22:36,874] INFO [ExpirationReaper-0-topic]: Starting (kafka.server.DelayedOperationPurgatory$ExpiredOperationReaper)
[2023-10-29 19:22:36,884] INFO Successfully created /controller_epoch with initial epoch 0 (kafka.zk.KafkaZkClient)
[2023-10-29 19:22:36,885] INFO [ExpirationReaper-0-Heartbeat]: Starting (kafka.server.DelayedOperationPurgatory$ExpiredOperationReaper)
[2023-10-29 19:22:36,885] INFO [ExpirationReaper-0-Rebalance]: Starting (kafka.server.DelayedOperationPurgatory$ExpiredOperationReaper)
[2023-10-29 19:22:36,902] INFO [GroupCoordinator 0]: Starting up. (kafka.coordinator.group.GroupCoordinator)
[2023-10-29 19:22:36,902] INFO Feature ZK node created at path: /feature (kafka.server.FinalizedFeatureChangeListener)
[2023-10-29 19:22:36,906] INFO [GroupCoordinator 0]: Startup complete. (kafka.coordinator.group.GroupCoordinator)
[2023-10-29 19:22:36,915] INFO [TransactionCoordinator id=0] Starting up. (kafka.coordinator.transaction.TransactionCoordinator)
[2023-10-29 19:22:36,918] INFO [TxnMarkerSenderThread-0]: Starting (kafka.coordinator.transaction.TransactionMarkerChannelManager)
[2023-10-29 19:22:36,918] INFO [MetadataCache brokerId=0] Updated cache from existing None to latest Features(version=3.6-IV2, finalizedFeatures={}, finalizedFeaturesEpoch=0). (kafka.server.metadata.ZkMetadataCache)
[2023-10-29 19:22:36,918] INFO [TransactionCoordinator id=0] Startup complete. (kafka.coordinator.transaction.TransactionCoordinator)
[2023-10-29 19:22:36,942] INFO [ExpirationReaper-0-AlterAcls]: Starting (kafka.server.DelayedOperationPurgatory$ExpiredOperationReaper)
[2023-10-29 19:22:36,960] INFO [/config/changes-event-process-thread]: Starting (kafka.common.ZkNodeChangeNotificationListener$ChangeEventProcessThread)
[2023-10-29 19:22:36,963] INFO [Controller id=0, targetBrokerId=0] Node 0 disconnected. (org.apache.kafka.clients.NetworkClient)
[2023-10-29 19:22:36,965] WARN [Controller id=0, targetBrokerId=0] Connection to node 0 (DESKTOP-CE00EVG./127.0.1.1:9092) could not be established. Broker may not be available. (org.apache.kafka.clients.NetworkClient)
[2023-10-29 19:22:36,974] INFO [Controller id=0, targetBrokerId=0] Client requested connection close from node 0 (org.apache.kafka.clients.NetworkClient)
[2023-10-29 19:22:36,981] INFO [SocketServer listenerType=ZK_BROKER, nodeId=0] Enabling request processing. (kafka.network.SocketServer)
[2023-10-29 19:22:36,985] INFO Awaiting socket connections on 0.0.0.0:9092. (kafka.network.DataPlaneAcceptor)
[2023-10-29 19:22:36,990] INFO Kafka version: 3.6.0 (org.apache.kafka.common.utils.AppInfoParser)
[2023-10-29 19:22:36,991] INFO Kafka commitId: 60e845626d8a465a (org.apache.kafka.common.utils.AppInfoParser)
[2023-10-29 19:22:36,991] INFO Kafka startTimeMs: 1698618156988 (org.apache.kafka.common.utils.AppInfoParser)
[2023-10-29 19:22:36,992] INFO [KafkaServer id=0] started (kafka.server.KafkaServer)
[2023-10-29 19:22:37,152] INFO [zk-broker-0-to-controller-forwarding-channel-manager]: Recorded new controller, from now on will use node DESKTOP-CE00EVG.:9092 (id: 0 rack: null) (kafka.server.BrokerToControllerRequestThread)
[2023-10-29 19:22:37,152] INFO [zk-broker-0-to-controller-alter-partition-channel-manager]: Recorded new controller, from now on will use node DESKTOP-CE00EVG.:9092 (id: 0 rack: null) (kafka.server.BrokerToControllerRequestThread)
[2023-10-29 19:24:54,134] INFO Terminating process due to signal SIGINT (org.apache.kafka.common.utils.LoggingSignalHandler)
[2023-10-29 19:24:54,137] INFO [KafkaServer id=0] shutting down (kafka.server.KafkaServer)
[2023-10-29 19:24:54,139] INFO [KafkaServer id=0] Starting controlled shutdown (kafka.server.KafkaServer)
[2023-10-29 19:24:54,153] INFO [KafkaServer id=0] Controlled shutdown request returned successfully after 10ms (kafka.server.KafkaServer)
[2023-10-29 19:24:54,157] INFO [/config/changes-event-process-thread]: Shutting down (kafka.common.ZkNodeChangeNotificationListener$ChangeEventProcessThread)
[2023-10-29 19:24:54,158] INFO [/config/changes-event-process-thread]: Stopped (kafka.common.ZkNodeChangeNotificationListener$ChangeEventProcessThread)
[2023-10-29 19:24:54,158] INFO [/config/changes-event-process-thread]: Shutdown completed (kafka.common.ZkNodeChangeNotificationListener$ChangeEventProcessThread)
[2023-10-29 19:24:54,159] INFO [SocketServer listenerType=ZK_BROKER, nodeId=0] Stopping socket server request processors (kafka.network.SocketServer)
[2023-10-29 19:24:54,165] INFO [SocketServer listenerType=ZK_BROKER, nodeId=0] Stopped socket server request processors (kafka.network.SocketServer)
[2023-10-29 19:24:54,165] INFO [data-plane Kafka Request Handler on Broker 0], shutting down (kafka.server.KafkaRequestHandlerPool)
[2023-10-29 19:24:54,167] INFO [data-plane Kafka Request Handler on Broker 0], shut down completely (kafka.server.KafkaRequestHandlerPool)
[2023-10-29 19:24:54,172] INFO [ExpirationReaper-0-AlterAcls]: Shutting down (kafka.server.DelayedOperationPurgatory$ExpiredOperationReaper)
[2023-10-29 19:24:54,173] INFO [ExpirationReaper-0-AlterAcls]: Stopped (kafka.server.DelayedOperationPurgatory$ExpiredOperationReaper)
[2023-10-29 19:24:54,173] INFO [ExpirationReaper-0-AlterAcls]: Shutdown completed (kafka.server.DelayedOperationPurgatory$ExpiredOperationReaper)
[2023-10-29 19:24:54,174] INFO [KafkaApi-0] Shutdown complete. (kafka.server.KafkaApis)
[2023-10-29 19:24:54,174] INFO [ExpirationReaper-0-topic]: Shutting down (kafka.server.DelayedOperationPurgatory$ExpiredOperationReaper)
[2023-10-29 19:24:54,175] INFO [ExpirationReaper-0-topic]: Stopped (kafka.server.DelayedOperationPurgatory$ExpiredOperationReaper)
[2023-10-29 19:24:54,175] INFO [ExpirationReaper-0-topic]: Shutdown completed (kafka.server.DelayedOperationPurgatory$ExpiredOperationReaper)
[2023-10-29 19:24:54,177] INFO [TransactionCoordinator id=0] Shutting down. (kafka.coordinator.transaction.TransactionCoordinator)
[2023-10-29 19:24:54,178] INFO [Transaction State Manager 0]: Shutdown complete (kafka.coordinator.transaction.TransactionStateManager)
[2023-10-29 19:24:54,178] INFO [TxnMarkerSenderThread-0]: Shutting down (kafka.coordinator.transaction.TransactionMarkerChannelManager)
[2023-10-29 19:24:54,179] INFO [TxnMarkerSenderThread-0]: Stopped (kafka.coordinator.transaction.TransactionMarkerChannelManager)
[2023-10-29 19:24:54,179] INFO [TxnMarkerSenderThread-0]: Shutdown completed (kafka.coordinator.transaction.TransactionMarkerChannelManager)
[2023-10-29 19:24:54,180] INFO [TransactionCoordinator id=0] Shutdown complete. (kafka.coordinator.transaction.TransactionCoordinator)
[2023-10-29 19:24:54,181] INFO [GroupCoordinator 0]: Shutting down. (kafka.coordinator.group.GroupCoordinator)
[2023-10-29 19:24:54,182] INFO [ExpirationReaper-0-Heartbeat]: Shutting down (kafka.server.DelayedOperationPurgatory$ExpiredOperationReaper)
[2023-10-29 19:24:54,182] INFO [ExpirationReaper-0-Heartbeat]: Stopped (kafka.server.DelayedOperationPurgatory$ExpiredOperationReaper)
[2023-10-29 19:24:54,182] INFO [ExpirationReaper-0-Heartbeat]: Shutdown completed (kafka.server.DelayedOperationPurgatory$ExpiredOperationReaper)
[2023-10-29 19:24:54,183] INFO [ExpirationReaper-0-Rebalance]: Shutting down (kafka.server.DelayedOperationPurgatory$ExpiredOperationReaper)
[2023-10-29 19:24:54,183] INFO [ExpirationReaper-0-Rebalance]: Stopped (kafka.server.DelayedOperationPurgatory$ExpiredOperationReaper)
[2023-10-29 19:24:54,183] INFO [ExpirationReaper-0-Rebalance]: Shutdown completed (kafka.server.DelayedOperationPurgatory$ExpiredOperationReaper)
[2023-10-29 19:24:54,184] INFO [GroupCoordinator 0]: Shutdown complete. (kafka.coordinator.group.GroupCoordinator)
[2023-10-29 19:24:54,185] INFO [ReplicaManager broker=0] Shutting down (kafka.server.ReplicaManager)
[2023-10-29 19:24:54,185] INFO [LogDirFailureHandler]: Shutting down (kafka.server.ReplicaManager$LogDirFailureHandler)
[2023-10-29 19:24:54,186] INFO [LogDirFailureHandler]: Stopped (kafka.server.ReplicaManager$LogDirFailureHandler)
[2023-10-29 19:24:54,186] INFO [LogDirFailureHandler]: Shutdown completed (kafka.server.ReplicaManager$LogDirFailureHandler)
[2023-10-29 19:24:54,186] INFO [ReplicaFetcherManager on broker 0] shutting down (kafka.server.ReplicaFetcherManager)
[2023-10-29 19:24:54,187] INFO [ReplicaFetcherManager on broker 0] shutdown completed (kafka.server.ReplicaFetcherManager)
[2023-10-29 19:24:54,187] INFO [ReplicaAlterLogDirsManager on broker 0] shutting down (kafka.server.ReplicaAlterLogDirsManager)
[2023-10-29 19:24:54,187] INFO [ReplicaAlterLogDirsManager on broker 0] shutdown completed (kafka.server.ReplicaAlterLogDirsManager)
[2023-10-29 19:24:54,187] INFO [ExpirationReaper-0-Fetch]: Shutting down (kafka.server.DelayedOperationPurgatory$ExpiredOperationReaper)
[2023-10-29 19:24:54,188] INFO [ExpirationReaper-0-Fetch]: Stopped (kafka.server.DelayedOperationPurgatory$ExpiredOperationReaper)
[2023-10-29 19:24:54,188] INFO [ExpirationReaper-0-Fetch]: Shutdown completed (kafka.server.DelayedOperationPurgatory$ExpiredOperationReaper)
[2023-10-29 19:24:54,188] INFO [ExpirationReaper-0-RemoteFetch]: Shutting down (kafka.server.DelayedOperationPurgatory$ExpiredOperationReaper)
[2023-10-29 19:24:54,189] INFO [ExpirationReaper-0-RemoteFetch]: Stopped (kafka.server.DelayedOperationPurgatory$ExpiredOperationReaper)
[2023-10-29 19:24:54,189] INFO [ExpirationReaper-0-RemoteFetch]: Shutdown completed (kafka.server.DelayedOperationPurgatory$ExpiredOperationReaper)
[2023-10-29 19:24:54,189] INFO [ExpirationReaper-0-Produce]: Shutting down (kafka.server.DelayedOperationPurgatory$ExpiredOperationReaper)
[2023-10-29 19:24:54,190] INFO [ExpirationReaper-0-Produce]: Stopped (kafka.server.DelayedOperationPurgatory$ExpiredOperationReaper)
[2023-10-29 19:24:54,190] INFO [ExpirationReaper-0-Produce]: Shutdown completed (kafka.server.DelayedOperationPurgatory$ExpiredOperationReaper)
[2023-10-29 19:24:54,190] INFO [ExpirationReaper-0-DeleteRecords]: Shutting down (kafka.server.DelayedOperationPurgatory$ExpiredOperationReaper)
[2023-10-29 19:24:54,191] INFO [ExpirationReaper-0-DeleteRecords]: Stopped (kafka.server.DelayedOperationPurgatory$ExpiredOperationReaper)
[2023-10-29 19:24:54,191] INFO [ExpirationReaper-0-DeleteRecords]: Shutdown completed (kafka.server.DelayedOperationPurgatory$ExpiredOperationReaper)
[2023-10-29 19:24:54,191] INFO [ExpirationReaper-0-ElectLeader]: Shutting down (kafka.server.DelayedOperationPurgatory$ExpiredOperationReaper)
[2023-10-29 19:24:54,192] INFO [ExpirationReaper-0-ElectLeader]: Stopped (kafka.server.DelayedOperationPurgatory$ExpiredOperationReaper)
[2023-10-29 19:24:54,192] INFO [ExpirationReaper-0-ElectLeader]: Shutdown completed (kafka.server.DelayedOperationPurgatory$ExpiredOperationReaper)
[2023-10-29 19:24:54,197] INFO [AddPartitionsToTxnSenderThread-0]: Shutting down (kafka.server.AddPartitionsToTxnManager)
[2023-10-29 19:24:54,197] INFO [AddPartitionsToTxnSenderThread-0]: Shutdown completed (kafka.server.AddPartitionsToTxnManager)
[2023-10-29 19:24:54,197] INFO [AddPartitionsToTxnSenderThread-0]: Stopped (kafka.server.AddPartitionsToTxnManager)
[2023-10-29 19:24:54,199] INFO [ReplicaManager broker=0] Shut down completely (kafka.server.ReplicaManager)
[2023-10-29 19:24:54,199] INFO [zk-broker-0-to-controller-alter-partition-channel-manager]: Shutting down (kafka.server.BrokerToControllerRequestThread)
[2023-10-29 19:24:54,199] INFO [zk-broker-0-to-controller-alter-partition-channel-manager]: Stopped (kafka.server.BrokerToControllerRequestThread)
[2023-10-29 19:24:54,199] INFO [zk-broker-0-to-controller-alter-partition-channel-manager]: Shutdown completed (kafka.server.BrokerToControllerRequestThread)
[2023-10-29 19:24:54,200] INFO Broker to controller channel manager for alter-partition shutdown (kafka.server.BrokerToControllerChannelManagerImpl)
[2023-10-29 19:24:54,201] INFO [zk-broker-0-to-controller-forwarding-channel-manager]: Shutting down (kafka.server.BrokerToControllerRequestThread)
[2023-10-29 19:24:54,201] INFO [zk-broker-0-to-controller-forwarding-channel-manager]: Stopped (kafka.server.BrokerToControllerRequestThread)
[2023-10-29 19:24:54,201] INFO [zk-broker-0-to-controller-forwarding-channel-manager]: Shutdown completed (kafka.server.BrokerToControllerRequestThread)
[2023-10-29 19:24:54,202] INFO Broker to controller channel manager for forwarding shutdown (kafka.server.BrokerToControllerChannelManagerImpl)
[2023-10-29 19:24:54,202] INFO Shutting down. (kafka.log.LogManager)
[2023-10-29 19:24:54,203] INFO [kafka-log-cleaner-thread-0]: Shutting down (kafka.log.LogCleaner$CleanerThread)
[2023-10-29 19:24:54,203] INFO [kafka-log-cleaner-thread-0]: Shutdown completed (kafka.log.LogCleaner$CleanerThread)
[2023-10-29 19:24:54,203] INFO [kafka-log-cleaner-thread-0]: Stopped (kafka.log.LogCleaner$CleanerThread)
[2023-10-29 19:24:54,453] INFO Shutdown complete. (kafka.log.LogManager)
[2023-10-29 19:24:54,458] INFO [feature-zk-node-event-process-thread]: Shutting down (kafka.server.FinalizedFeatureChangeListener$ChangeNotificationProcessorThread)
[2023-10-29 19:24:54,459] INFO [feature-zk-node-event-process-thread]: Shutdown completed (kafka.server.FinalizedFeatureChangeListener$ChangeNotificationProcessorThread)
[2023-10-29 19:24:54,459] INFO [feature-zk-node-event-process-thread]: Stopped (kafka.server.FinalizedFeatureChangeListener$ChangeNotificationProcessorThread)
[2023-10-29 19:24:54,459] INFO [ZooKeeperClient Kafka server] Closing. (kafka.zookeeper.ZooKeeperClient)
[2023-10-29 19:24:54,569] INFO Session: 0x10000a41af60000 closed (org.apache.zookeeper.ZooKeeper)
[2023-10-29 19:24:54,569] INFO EventThread shut down for session: 0x10000a41af60000 (org.apache.zookeeper.ClientCnxn)
[2023-10-29 19:24:54,570] INFO [ZooKeeperClient Kafka server] Closed. (kafka.zookeeper.ZooKeeperClient)
[2023-10-29 19:24:54,570] INFO [ThrottledChannelReaper-Fetch]: Shutting down (kafka.server.ClientQuotaManager$ThrottledChannelReaper)
[2023-10-29 19:24:54,571] INFO [ThrottledChannelReaper-Fetch]: Stopped (kafka.server.ClientQuotaManager$ThrottledChannelReaper)
[2023-10-29 19:24:54,571] INFO [ThrottledChannelReaper-Fetch]: Shutdown completed (kafka.server.ClientQuotaManager$ThrottledChannelReaper)
[2023-10-29 19:24:54,572] INFO [ThrottledChannelReaper-Produce]: Shutting down (kafka.server.ClientQuotaManager$ThrottledChannelReaper)
[2023-10-29 19:24:54,572] INFO [ThrottledChannelReaper-Produce]: Stopped (kafka.server.ClientQuotaManager$ThrottledChannelReaper)
[2023-10-29 19:24:54,572] INFO [ThrottledChannelReaper-Produce]: Shutdown completed (kafka.server.ClientQuotaManager$ThrottledChannelReaper)
[2023-10-29 19:24:54,572] INFO [ThrottledChannelReaper-Request]: Shutting down (kafka.server.ClientQuotaManager$ThrottledChannelReaper)
[2023-10-29 19:24:54,572] INFO [ThrottledChannelReaper-Request]: Stopped (kafka.server.ClientQuotaManager$ThrottledChannelReaper)
[2023-10-29 19:24:54,572] INFO [ThrottledChannelReaper-Request]: Shutdown completed (kafka.server.ClientQuotaManager$ThrottledChannelReaper)
[2023-10-29 19:24:54,572] INFO [ThrottledChannelReaper-ControllerMutation]: Shutting down (kafka.server.ClientQuotaManager$ThrottledChannelReaper)
[2023-10-29 19:24:54,572] INFO [ThrottledChannelReaper-ControllerMutation]: Stopped (kafka.server.ClientQuotaManager$ThrottledChannelReaper)
[2023-10-29 19:24:54,572] INFO [ThrottledChannelReaper-ControllerMutation]: Shutdown completed (kafka.server.ClientQuotaManager$ThrottledChannelReaper)
[2023-10-29 19:24:54,573] INFO [SocketServer listenerType=ZK_BROKER, nodeId=0] Shutting down socket server (kafka.network.SocketServer)
[2023-10-29 19:24:54,581] INFO [SocketServer listenerType=ZK_BROKER, nodeId=0] Shutdown completed (kafka.network.SocketServer)
[2023-10-29 19:24:54,582] INFO Metrics scheduler closed (org.apache.kafka.common.metrics.Metrics)
[2023-10-29 19:24:54,582] INFO Closing reporter org.apache.kafka.common.metrics.JmxReporter (org.apache.kafka.common.metrics.Metrics)
[2023-10-29 19:24:54,582] INFO Metrics reporters closed (org.apache.kafka.common.metrics.Metrics)
[2023-10-29 19:24:54,583] INFO Broker and topic stats closed (kafka.server.BrokerTopicStats)
[2023-10-29 19:24:54,583] INFO App info kafka.server for 0 unregistered (org.apache.kafka.common.utils.AppInfoParser)
[2023-10-29 19:24:54,583] INFO [KafkaServer id=0] shut down completed (kafka.server.KafkaServer)
